DISP_EPS_STAR_NOISE = 6.1035e-06
RUNNING forward_notch3D_Asym_finite_J2
reading input: temp_forward_notch3D_Asym_finite_J2.yaml
model ../../../../meshes/longer_notch_Asym_3D_surface_to_2D/thickness_0.02/notch3D_Asym.dmg loaded in 0.000060 seconds
mesh ../../../../meshes/longer_notch_Asym_3D_surface_to_2D/thickness_0.02/notch3D_Asym_4p.smb loaded in 0.004424 seconds
number of tet 18390 hex 0 prism 0 pyramid 0
mesh entity counts: v 6190 e 30647 f 42848 r 18390
mesh reordered in 0.014651 seconds
mesh verified in 0.009240 seconds
nsteps = 8
ON PRIMAL STEP (1)
 > (1) Newton iteration
 > absolute ||R|| = 4.088755e+01
 > relative ||R|| = 1.000000e+00
 > (2) Newton iteration
 > absolute ||R|| = 1.986296e-02
 > relative ||R|| = 4.857948e-04
 > (3) Newton iteration
 > absolute ||R|| = 5.693732e-03
 > relative ||R|| = 1.392534e-04
 > (4) Newton iteration
 > absolute ||R|| = 2.648955e-05
 > relative ||R|| = 6.478635e-07
 > (5) Newton iteration
 > absolute ||R|| = 2.824554e-09
 > relative ||R|| = 6.908103e-11
 > (6) Newton iteration
 > absolute ||R|| = 2.799191e-13
 > relative ||R|| = 6.846072e-15
writeVtuFile into buffers: 0.007246 seconds
writeVtuFile buffers to disk: 0.000767 seconds
vtk files forward_notch3D_Asym_finite_J2_forward_viz/out_1 written in 0.008679 seconds
ON PRIMAL STEP (2)
 > (1) Newton iteration
 > absolute ||R|| = 2.042830e+01
 > relative ||R|| = 1.000000e+00
 > (2) Newton iteration
 > absolute ||R|| = 1.019657e-01
 > relative ||R|| = 4.991393e-03
 > (3) Newton iteration
 > absolute ||R|| = 8.809694e-02
 > relative ||R|| = 4.312495e-03
 > (4) Newton iteration
 > absolute ||R|| = 2.626392e-03
 > relative ||R|| = 1.285663e-04
 > (5) Newton iteration
 > absolute ||R|| = 1.938110e-04
 > relative ||R|| = 9.487377e-06
 > (6) Newton iteration
 > absolute ||R|| = 1.652335e-05
 > relative ||R|| = 8.088458e-07
 > (7) Newton iteration
 > absolute ||R|| = 4.619583e-10
 > relative ||R|| = 2.261364e-11
 > (8) Newton iteration
 > absolute ||R|| = 2.697095e-13
 > relative ||R|| = 1.320274e-14
writeVtuFile into buffers: 0.007492 seconds
writeVtuFile buffers to disk: 0.000791 seconds
vtk files forward_notch3D_Asym_finite_J2_forward_viz/out_2 written in 0.008989 seconds
ON PRIMAL STEP (3)
 > (1) Newton iteration
 > absolute ||R|| = 2.039978e+01
 > relative ||R|| = 1.000000e+00
 > (2) Newton iteration
 > absolute ||R|| = 2.282069e-01
 > relative ||R|| = 1.118673e-02
 > residual increase -- line search alpha_1 = 5.00e-01
 > (3) Newton iteration
 > absolute ||R|| = 1.705205e-01
 > relative ||R|| = 8.358939e-03
 > (4) Newton iteration
 > absolute ||R|| = 4.402089e-02
 > relative ||R|| = 2.157911e-03
 > (5) Newton iteration
 > absolute ||R|| = 1.094491e-03
 > relative ||R|| = 5.365212e-05
 > (6) Newton iteration
 > absolute ||R|| = 7.898712e-05
 > relative ||R|| = 3.871960e-06
 > (7) Newton iteration
 > absolute ||R|| = 2.635956e-08
 > relative ||R|| = 1.292149e-09
 > (8) Newton iteration
 > absolute ||R|| = 3.505282e-13
 > relative ||R|| = 1.718295e-14
writeVtuFile into buffers: 0.007504 seconds
writeVtuFile buffers to disk: 0.000790 seconds
vtk files forward_notch3D_Asym_finite_J2_forward_viz/out_3 written in 0.008575 seconds
ON PRIMAL STEP (4)
 > (1) Newton iteration
 > absolute ||R|| = 1.211925e+02
 > relative ||R|| = 1.000000e+00
 > (2) Newton iteration
 > absolute ||R|| = 9.276349e-01
 > relative ||R|| = 7.654229e-03
 > (3) Newton iteration
 > absolute ||R|| = 6.465074e-01
 > relative ||R|| = 5.334551e-03
 > (4) Newton iteration
 > absolute ||R|| = 1.060727e-01
 > relative ||R|| = 8.752414e-04
 > residual increase -- line search alpha_1 = 5.00e-01
 > (5) Newton iteration
 > absolute ||R|| = 4.097257e-02
 > relative ||R|| = 3.380785e-04
 > (6) Newton iteration
 > absolute ||R|| = 3.021386e-03
 > relative ||R|| = 2.493047e-05
 > (7) Newton iteration
 > absolute ||R|| = 4.572012e-04
 > relative ||R|| = 3.772521e-06
 > (8) Newton iteration
 > absolute ||R|| = 3.400760e-05
 > relative ||R|| = 2.806082e-07
 > (9) Newton iteration
 > absolute ||R|| = 6.362263e-09
 > relative ||R|| = 5.249718e-11
 > (10) Newton iteration
 > absolute ||R|| = 2.711133e-13
 > relative ||R|| = 2.237047e-15
writeVtuFile into buffers: 0.007300 seconds
writeVtuFile buffers to disk: 0.000653 seconds
vtk files forward_notch3D_Asym_finite_J2_forward_viz/out_4 written in 0.008314 seconds
ON PRIMAL STEP (5)
 > (1) Newton iteration
 > absolute ||R|| = 1.934386e+02
 > relative ||R|| = 1.000000e+00
 > (2) Newton iteration
 > absolute ||R|| = 2.560560e-01
 > relative ||R|| = 1.323707e-03
 > (3) Newton iteration
 > absolute ||R|| = 1.096332e-01
 > relative ||R|| = 5.667597e-04
 > (4) Newton iteration
 > absolute ||R|| = 1.219694e-02
 > relative ||R|| = 6.305331e-05
 > (5) Newton iteration
 > absolute ||R|| = 4.839024e-04
 > relative ||R|| = 2.501582e-06
 > (6) Newton iteration
 > absolute ||R|| = 1.211945e-06
 > relative ||R|| = 6.265272e-09
 > (7) Newton iteration
 > absolute ||R|| = 1.116786e-11
 > relative ||R|| = 5.773335e-14
writeVtuFile into buffers: 0.007336 seconds
writeVtuFile buffers to disk: 0.000674 seconds
vtk files forward_notch3D_Asym_finite_J2_forward_viz/out_5 written in 0.008437 seconds
ON PRIMAL STEP (6)
 > (1) Newton iteration
 > absolute ||R|| = 7.403110e+02
 > relative ||R|| = 1.000000e+00
 > (2) Newton iteration
 > absolute ||R|| = 9.593765e-01
 > relative ||R|| = 1.295910e-03
 > (3) Newton iteration
 > absolute ||R|| = 3.920091e-01
 > relative ||R|| = 5.295195e-04
 > (4) Newton iteration
 > absolute ||R|| = 1.866168e-01
 > relative ||R|| = 2.520789e-04
 > residual increase -- line search alpha_1 = 5.00e-01
 > (5) Newton iteration
 > absolute ||R|| = 1.152623e-01
 > relative ||R|| = 1.556944e-04
 > (6) Newton iteration
 > absolute ||R|| = 1.104941e-01
 > relative ||R|| = 1.492537e-04
 > residual increase -- line search alpha_1 = 5.00e-01
 > (7) Newton iteration
 > absolute ||R|| = 6.353079e-02
 > relative ||R|| = 8.581636e-05
 > residual increase -- line search alpha_1 = 5.00e-01
 > (8) Newton iteration
 > absolute ||R|| = 4.283689e-02
 > relative ||R|| = 5.786337e-05
 > (9) Newton iteration
 > absolute ||R|| = 5.685011e-04
 > relative ||R|| = 7.679220e-07
 > (10) Newton iteration
 > absolute ||R|| = 6.276562e-07
 > relative ||R|| = 8.478278e-10
 > (11) Newton iteration
 > absolute ||R|| = 6.219486e-10
 > relative ||R|| = 8.401180e-13
writeVtuFile into buffers: 0.008527 seconds
writeVtuFile buffers to disk: 0.000727 seconds
vtk files forward_notch3D_Asym_finite_J2_forward_viz/out_6 written in 0.014428 seconds
ON PRIMAL STEP (7)
 > (1) Newton iteration
 > absolute ||R|| = 5.633296e+02
 > relative ||R|| = 1.000000e+00
 > (2) Newton iteration
 > absolute ||R|| = 3.479353e-01
 > relative ||R|| = 6.176408e-04
 > (3) Newton iteration
 > absolute ||R|| = 2.545420e-02
 > relative ||R|| = 4.518528e-05
 > (4) Newton iteration
 > absolute ||R|| = 1.124979e-03
 > relative ||R|| = 1.997017e-06
 > (5) Newton iteration
 > absolute ||R|| = 5.778273e-06
 > relative ||R|| = 1.025736e-08
 > (6) Newton iteration
 > absolute ||R|| = 3.173385e-10
 > relative ||R|| = 5.633266e-13
writeVtuFile into buffers: 0.007233 seconds
writeVtuFile buffers to disk: 0.000641 seconds
vtk files forward_notch3D_Asym_finite_J2_forward_viz/out_7 written in 0.008287 seconds
ON PRIMAL STEP (8)
 > (1) Newton iteration
 > absolute ||R|| = 5.593801e+02
 > relative ||R|| = 1.000000e+00
 > (2) Newton iteration
 > absolute ||R|| = 1.410422e-01
 > relative ||R|| = 2.521402e-04
 > (3) Newton iteration
 > absolute ||R|| = 9.808014e-03
 > relative ||R|| = 1.753372e-05
 > (4) Newton iteration
 > absolute ||R|| = 1.102291e-04
 > relative ||R|| = 1.970558e-07
 > (5) Newton iteration
 > absolute ||R|| = 9.120926e-08
 > relative ||R|| = 1.630542e-10
 > (6) Newton iteration
 > absolute ||R|| = 1.153607e-11
 > relative ||R|| = 2.062296e-14
writeVtuFile into buffers: 0.008107 seconds
writeVtuFile buffers to disk: 0.000576 seconds
vtk files forward_notch3D_Asym_finite_J2_forward_viz/out_8 written in 0.009798 seconds
J: 1.4905768228759078e+02

mesh forward_notch3D_Asym_finite_J2_synthetic/ written in 0.003477 seconds
COMPLETED forward_notch3D_Asym_finite_J2

RUNNING forward_notch2D_Asym_finite_J2_plane_stress
reading input: temp_forward_notch2D_Asym_finite_J2_plane_stress.yaml
model ../../../../meshes/longer_notch_Asym_3D_surface_to_2D/thickness_0.02/notch2D_Asym.dmg loaded in 0.000037 seconds
mesh ../../../../meshes/longer_notch_Asym_3D_surface_to_2D/thickness_0.02/notch2D_Asym_4p.smb loaded in 0.000933 seconds
number of triangle 5620 quad 0
mesh entity counts: v 2923 e 8542 f 5620 r 0
mesh reordered in 0.001021 seconds
mesh verified in 0.001590 seconds
nsteps = 8
ON PRIMAL STEP (1)
 > (1) Newton iteration
 > absolute ||R|| = 3.428341e+01
 > relative ||R|| = 1.000000e+00
 > (2) Newton iteration
 > absolute ||R|| = 1.880919e-02
 > relative ||R|| = 5.486383e-04
 > (3) Newton iteration
 > absolute ||R|| = 9.210812e-03
 > relative ||R|| = 2.686667e-04
 > (4) Newton iteration
 > absolute ||R|| = 5.902093e-05
 > relative ||R|| = 1.721560e-06
 > (5) Newton iteration
 > absolute ||R|| = 1.043060e-08
 > relative ||R|| = 3.042462e-10
 > (6) Newton iteration
 > absolute ||R|| = 1.325557e-10
 > relative ||R|| = 3.866469e-12
 > (7) Newton iteration
 > absolute ||R|| = 3.320435e-11
 > relative ||R|| = 9.685254e-13
writeVtuFile into buffers: 0.002417 seconds
writeVtuFile buffers to disk: 0.000240 seconds
vtk files forward_notch2D_Asym_finite_J2_plane_stress_forward_viz/out_1 written in 0.002825 seconds
ON PRIMAL STEP (2)
 > (1) Newton iteration
 > absolute ||R|| = 1.712259e+01
 > relative ||R|| = 1.000000e+00
 > (2) Newton iteration
 > absolute ||R|| = 7.269974e-02
 > relative ||R|| = 4.245838e-03
 > residual increase -- line search alpha_1 = 5.00e-01
 > residual increase -- line search alpha_2 = 2.50e-01
 > (3) Newton iteration
 > absolute ||R|| = 6.094890e-02
 > relative ||R|| = 3.559561e-03
 > (4) Newton iteration
 > absolute ||R|| = 3.076620e-02
 > relative ||R|| = 1.796819e-03
 > (5) Newton iteration
 > absolute ||R|| = 2.792606e-03
 > relative ||R|| = 1.630949e-04
 > (6) Newton iteration
 > absolute ||R|| = 5.707053e-04
 > relative ||R|| = 3.333055e-05
 > (7) Newton iteration
 > absolute ||R|| = 3.309876e-07
 > relative ||R|| = 1.933046e-08
 > (8) Newton iteration
 > absolute ||R|| = 3.414565e-10
 > relative ||R|| = 1.994187e-11
 > (9) Newton iteration
 > absolute ||R|| = 7.803445e-11
 > relative ||R|| = 4.557398e-12
 > (10) Newton iteration
 > absolute ||R|| = 1.969951e-11
 > relative ||R|| = 1.150498e-12
 > (11) Newton iteration
 > absolute ||R|| = 5.573392e-12
 > relative ||R|| = 3.254994e-13
writeVtuFile into buffers: 0.002287 seconds
writeVtuFile buffers to disk: 0.000274 seconds
vtk files forward_notch2D_Asym_finite_J2_plane_stress_forward_viz/out_2 written in 0.002743 seconds
ON PRIMAL STEP (3)
 > (1) Newton iteration
 > absolute ||R|| = 1.707846e+01
 > relative ||R|| = 1.000000e+00
 > (2) Newton iteration
 > absolute ||R|| = 8.545577e-02
 > relative ||R|| = 5.003717e-03
 > residual increase -- line search alpha_1 = 5.00e-01
 > residual increase -- line search alpha_2 = 2.50e-01
 > residual increase -- line search alpha_3 = 1.25e-01
 > (3) Newton iteration
 > absolute ||R|| = 7.830649e-02
 > relative ||R|| = 4.585103e-03
 > residual increase -- line search alpha_1 = 5.00e-01
 > residual increase -- line search alpha_2 = 2.50e-01
 > (4) Newton iteration
 > absolute ||R|| = 7.026283e-02
 > relative ||R|| = 4.114121e-03
 > residual increase -- line search alpha_1 = 5.00e-01
 > (5) Newton iteration
 > absolute ||R|| = 5.232065e-02
 > relative ||R|| = 3.063547e-03
 > (6) Newton iteration
 > absolute ||R|| = 2.135722e-02
 > relative ||R|| = 1.250536e-03
 > (7) Newton iteration
 > absolute ||R|| = 1.387145e-03
 > relative ||R|| = 8.122192e-05
 > (8) Newton iteration
 > absolute ||R|| = 4.976206e-05
 > relative ||R|| = 2.913733e-06
 > (9) Newton iteration
 > absolute ||R|| = 1.184659e-08
 > relative ||R|| = 6.936572e-10
 > (10) Newton iteration
 > absolute ||R|| = 1.190920e-10
 > relative ||R|| = 6.973229e-12
 > (11) Newton iteration
 > absolute ||R|| = 2.647937e-11
 > relative ||R|| = 1.550454e-12
 > (12) Newton iteration
 > absolute ||R|| = 6.429472e-12
 > relative ||R|| = 3.764668e-13
writeVtuFile into buffers: 0.002248 seconds
writeVtuFile buffers to disk: 0.000219 seconds
vtk files forward_notch2D_Asym_finite_J2_plane_stress_forward_viz/out_3 written in 0.002642 seconds
ON PRIMAL STEP (4)
 > (1) Newton iteration
 > absolute ||R|| = 1.012011e+02
 > relative ||R|| = 1.000000e+00
 > (2) Newton iteration
 > absolute ||R|| = 3.242884e-01
 > relative ||R|| = 3.204397e-03
 > residual increase -- line search alpha_1 = 5.00e-01
 > residual increase -- line search alpha_2 = 2.50e-01
 > (3) Newton iteration
 > absolute ||R|| = 2.972575e-01
 > relative ||R|| = 2.937296e-03
 > residual increase -- line search alpha_1 = 5.00e-01
 > (4) Newton iteration
 > absolute ||R|| = 2.230468e-01
 > relative ||R|| = 2.203996e-03
 > (5) Newton iteration
 > absolute ||R|| = 1.182634e-01
 > relative ||R|| = 1.168598e-03
 > (6) Newton iteration
 > absolute ||R|| = 4.958921e-03
 > relative ||R|| = 4.900067e-05
 > (7) Newton iteration
 > absolute ||R|| = 5.014724e-04
 > relative ||R|| = 4.955208e-06
 > (8) Newton iteration
 > absolute ||R|| = 8.448721e-06
 > relative ||R|| = 8.348449e-08
 > (9) Newton iteration
 > absolute ||R|| = 1.837084e-10
 > relative ||R|| = 1.815281e-12
 > (10) Newton iteration
 > absolute ||R|| = 4.318829e-11
 > relative ||R|| = 4.267572e-13
writeVtuFile into buffers: 0.002334 seconds
writeVtuFile buffers to disk: 0.000217 seconds
vtk files forward_notch2D_Asym_finite_J2_plane_stress_forward_viz/out_4 written in 0.002735 seconds
ON PRIMAL STEP (5)
 > (1) Newton iteration
 > absolute ||R|| = 1.531033e+02
 > relative ||R|| = 1.000000e+00
 > (2) Newton iteration
 > absolute ||R|| = 2.118923e-01
 > relative ||R|| = 1.383982e-03
 > (3) Newton iteration
 > absolute ||R|| = 1.188102e-01
 > relative ||R|| = 7.760133e-04
 > (4) Newton iteration
 > absolute ||R|| = 1.403432e-02
 > relative ||R|| = 9.166564e-05
 > (5) Newton iteration
 > absolute ||R|| = 2.000879e-04
 > relative ||R|| = 1.306881e-06
 > (6) Newton iteration
 > absolute ||R|| = 9.586635e-08
 > relative ||R|| = 6.261545e-10
 > (7) Newton iteration
 > absolute ||R|| = 2.412364e-10
 > relative ||R|| = 1.575644e-12
 > (8) Newton iteration
 > absolute ||R|| = 5.845120e-11
 > relative ||R|| = 3.817761e-13
writeVtuFile into buffers: 0.002556 seconds
writeVtuFile buffers to disk: 0.000239 seconds
vtk files forward_notch2D_Asym_finite_J2_plane_stress_forward_viz/out_5 written in 0.003066 seconds
ON PRIMAL STEP (6)
 > (1) Newton iteration
 > absolute ||R|| = 5.607231e+02
 > relative ||R|| = 1.000000e+00
 > (2) Newton iteration
 > absolute ||R|| = 4.303856e-01
 > relative ||R|| = 7.675546e-04
 > (3) Newton iteration
 > absolute ||R|| = 3.769271e-01
 > relative ||R|| = 6.722160e-04
 > (4) Newton iteration
 > absolute ||R|| = 1.805092e-01
 > relative ||R|| = 3.219221e-04
 > residual increase -- line search alpha_1 = 5.00e-01
 > (5) Newton iteration
 > absolute ||R|| = 1.390874e-01
 > relative ||R|| = 2.480500e-04
 > (6) Newton iteration
 > absolute ||R|| = 1.420170e-02
 > relative ||R|| = 2.532748e-05
 > (7) Newton iteration
 > absolute ||R|| = 1.736868e-03
 > relative ||R|| = 3.097549e-06
 > (8) Newton iteration
 > absolute ||R|| = 1.096667e-05
 > relative ||R|| = 1.955808e-08
 > (9) Newton iteration
 > absolute ||R|| = 5.400708e-10
 > relative ||R|| = 9.631683e-13
writeVtuFile into buffers: 0.002420 seconds
writeVtuFile buffers to disk: 0.000213 seconds
vtk files forward_notch2D_Asym_finite_J2_plane_stress_forward_viz/out_6 written in 0.002820 seconds
ON PRIMAL STEP (7)
 > (1) Newton iteration
 > absolute ||R|| = 2.888177e+02
 > relative ||R|| = 1.000000e+00
 > (2) Newton iteration
 > absolute ||R|| = 1.588489e-01
 > relative ||R|| = 5.499970e-04
 > (3) Newton iteration
 > absolute ||R|| = 6.299380e-02
 > relative ||R|| = 2.181092e-04
 > (4) Newton iteration
 > absolute ||R|| = 5.794367e-03
 > relative ||R|| = 2.006237e-05
 > (5) Newton iteration
 > absolute ||R|| = 1.020288e-03
 > relative ||R|| = 3.532637e-06
 > (6) Newton iteration
 > absolute ||R|| = 1.074944e-05
 > relative ||R|| = 3.721877e-08
 > (7) Newton iteration
 > absolute ||R|| = 5.839988e-10
 > relative ||R|| = 2.022033e-12
 > (8) Newton iteration
 > absolute ||R|| = 4.372468e-11
 > relative ||R|| = 1.513920e-13
writeVtuFile into buffers: 0.002381 seconds
writeVtuFile buffers to disk: 0.000211 seconds
vtk files forward_notch2D_Asym_finite_J2_plane_stress_forward_viz/out_7 written in 0.002781 seconds
ON PRIMAL STEP (8)
 > (1) Newton iteration
 > absolute ||R|| = 2.882909e+02
 > relative ||R|| = 1.000000e+00
 > (2) Newton iteration
 > absolute ||R|| = 1.024429e-01
 > relative ||R|| = 3.553455e-04
 > (3) Newton iteration
 > absolute ||R|| = 5.605800e-02
 > relative ||R|| = 1.944494e-04
 > (4) Newton iteration
 > absolute ||R|| = 1.010506e-03
 > relative ||R|| = 3.505162e-06
 > (5) Newton iteration
 > absolute ||R|| = 2.732319e-07
 > relative ||R|| = 9.477644e-10
 > (6) Newton iteration
 > absolute ||R|| = 6.009633e-11
 > relative ||R|| = 2.084572e-13
writeVtuFile into buffers: 0.002394 seconds
writeVtuFile buffers to disk: 0.000224 seconds
vtk files forward_notch2D_Asym_finite_J2_plane_stress_forward_viz/out_8 written in 0.002849 seconds
J: 1.4825856919277456e+02

mesh forward_notch2D_Asym_finite_J2_plane_stress_synthetic/ written in 0.000958 seconds
COMPLETED forward_notch2D_Asym_finite_J2_plane_stress

model ../../../../../../meshes/longer_notch_Asym_3D_surface_to_2D/thickness_0.02/notch3D_Asym.dmg loaded in 0.000045 seconds
mesh noisy_synthetic/ loaded in 0.004886 seconds
number of tet 18390 hex 0 prism 0 pyramid 0
mesh entity counts: v 6190 e 30647 f 42848 r 18390
writeVtuFile into buffers: 0.005190 seconds
writeVtuFile buffers to disk: 0.000224 seconds
vtk files noisy_synthetic_viz written in 0.005747 seconds
model ../../../../../../meshes/longer_notch_Asym_3D_surface_to_2D/thickness_0.02/notch3D_Asym.dmg loaded in 0.000050 seconds
mesh noisy_synthetic/ loaded in 0.005211 seconds
number of tet 18390 hex 0 prism 0 pyramid 0
mesh entity counts: v 6190 e 30647 f 42848 r 18390
mesh serial_noisy_synthetic/ written in 0.012125 seconds
planned RIB factor 4 in 0.007876 seconds
mesh serial_synthetic/ loaded in 0.011212 seconds
number of tet 15147 hex 0 prism 0 pyramid 0
mesh entity counts: v 5116 e 25278 f 35310 r 15147
planned RIB factor 4 in 0.008169 seconds
mesh expanded from 1 to 4 parts in 0.006498 seconds
mesh migrated from 1 to 4 in 0.076262 seconds
PARMA_STATUS  disconnected <max avg> 0 0.000
PARMA_STATUS  neighbors <max avg> 3 3.000
PARMA_STATUS  smallest side of max neighbor part 1
PARMA_STATUS  num parts with max neighbors 4
PARMA_STATUS  empty parts 0
PARMA_STATUS  small neighbor counts 1:2 2:0 3:2 4:0 5:0 6:0 7:0 8:0 9:0 10:0 
PARMA_STATUS  weighted vtx <tot max min avg> 5345.0 1345.0 1317.0 1336.250
PARMA_STATUS  weighted edge <tot max min avg> 25734.0 6453.0 6383.0 6433.500
PARMA_STATUS  weighted face <tot max min avg> 35540.0 8896.0 8854.0 8885.000
PARMA_STATUS  weighted rgn <tot max min avg> 15147.0 3787.0 3786.0 3786.750
PARMA_STATUS  owned bdry vtx <tot max min avg> 225 116 0 56.250
PARMA_STATUS  shared bdry vtx <tot max min avg> 454 116 110 113.500
PARMA_STATUS  model bdry vtx <tot max min avg> 5244 1324 1278 1311.000
PARMA_STATUS  sharedSidesToElements <max min avg> 0.031 0.030 0.030
PARMA_STATUS  entity imbalance <v e f r>: 1.01 1.00 1.00 1.00
MDS: reordering before writing smb files
mesh noisy_synthetic/ written in 0.019920 seconds
model ../../../../../../meshes/notch_Asym_3D_surface_to_2D/thickness_0.02/notch3D_Asym.dmg loaded in 0.000046 seconds
mesh noisy_synthetic/ loaded in 0.003927 seconds
number of tet 15147 hex 0 prism 0 pyramid 0
mesh entity counts: v 5116 e 25278 f 35310 r 15147
writeVtuFile into buffers: 0.004326 seconds
writeVtuFile buffers to disk: 0.000400 seconds
vtk files noisy_synthetic_viz written in 0.004989 seconds
model ../../../../../../meshes/longer_notch_Asym_3D_surface_to_2D/thickness_0.02/notch2D_Asym.dmg loaded in 0.000027 seconds
mesh serial_longer_synthetic_plane_stress/ loaded in 0.004816 seconds
number of triangle 5620 quad 0
mesh entity counts: v 2923 e 8542 f 5620 r 0
writeVtuFile into buffers: 0.006311 seconds
writeVtuFile buffers to disk: 0.000311 seconds
vtk files serial_longer_synthetic_plane_stress_viz written in 0.007138 seconds
mesh serial_synthetic_plane_stress/ loaded in 0.002369 seconds
number of triangle 4608 quad 0
mesh entity counts: v 2407 e 7014 f 4608 r 0
planned RIB factor 4 in 0.001685 seconds
mesh expanded from 1 to 4 parts in 0.001233 seconds
mesh migrated from 1 to 4 in 0.013319 seconds
PARMA_STATUS  disconnected <max avg> 0 0.000
PARMA_STATUS  neighbors <max avg> 3 3.000
PARMA_STATUS  smallest side of max neighbor part 1
PARMA_STATUS  num parts with max neighbors 4
PARMA_STATUS  empty parts 0
PARMA_STATUS  small neighbor counts 1:4 2:0 3:0 4:0 5:0 6:0 7:0 8:0 9:0 10:0 
PARMA_STATUS  weighted vtx <tot max min avg> 2516.0 631.0 627.0 629.000
PARMA_STATUS  weighted edge <tot max min avg> 7120.0 1782.0 1778.0 1780.000
PARMA_STATUS  weighted face <tot max min avg> 4608.0 1152.0 1152.0 1152.000
PARMA_STATUS  owned bdry vtx <tot max min avg> 107 54 0 26.750
PARMA_STATUS  shared bdry vtx <tot max min avg> 216 54 54 54.000
PARMA_STATUS  model bdry vtx <tot max min avg> 208 56 48 52.000
PARMA_STATUS  sharedSidesToElements <max min avg> 0.046 0.046 0.046
PARMA_STATUS  entity imbalance <v e f r>: 1.00 1.00 1.00 1.00
MDS: reordering before writing smb files
mesh noisy_synthetic_plane_stress/ written in 0.002113 seconds
model ../../../../../../meshes/longer_notch_Asym_3D_surface_to_2D/thickness_0.02/notch3D_Asym.dmg loaded in 0.000048 seconds
mesh noisy_synthetic_plane_stress/ loaded in 0.001028 seconds
number of triangle 4608 quad 0
mesh entity counts: v 2407 e 7014 f 4608 r 0
writeVtuFile into buffers: 0.001377 seconds
writeVtuFile buffers to disk: 0.000099 seconds
vtk files noisy_synthetic_plane_stress_viz written in 0.001664 seconds
Initial parameters guess saved to mat_data_initial.csv
Initial guess::1 => Y: 304.95203731481143, S: 869.753382781279, D: 2.885583732612789
RUNNING noisy_load_0x noisy_disp_0x vfm_forward_sens_notch2D_Asym_finite_J2_plane_stress
RUNNING THE L-BFGS-B CODE

           * * *

Machine precision = 2.220D-16
 N =            3     M =           10

At X0         0 variables are exactly at the bounds

At iterate    0    f=  4.26584D-03    |proj g|=  5.06828D-01

At iterate    1    f=  2.58719D-04    |proj g|=  1.05142D-01

At iterate    2    f=  5.94386D-06    |proj g|=  1.54028D-02

At iterate    3    f=  4.64096D-07    |proj g|=  1.09336D-03

At iterate    4    f=  4.33324D-07    |proj g|=  5.78611D-04

At iterate    5    f=  4.20887D-07    |proj g|=  6.80329D-04

At iterate    6    f=  3.39629D-07    |proj g|=  1.04807D-03

At iterate    7    f=  2.36043D-07    |proj g|=  1.53371D-03

At iterate    8    f=  1.13427D-07    |proj g|=  1.26818D-03

At iterate    9    f=  6.78319D-08    |proj g|=  3.22233D-04

At iterate   10    f=  6.48663D-08    |proj g|=  4.59433D-05

At iterate   11    f=  6.47610D-08    |proj g|=  4.20035D-05

At iterate   12    f=  6.46616D-08    |proj g|=  5.21899D-05

At iterate   13    f=  6.38660D-08    |proj g|=  9.95130D-05

At iterate   14    f=  6.21627D-08    |proj g|=  1.63181D-04

At iterate   15    f=  5.80417D-08    |proj g|=  2.77864D-04

At iterate   16    f=  5.13354D-08    |proj g|=  4.34729D-04

At iterate   17    f=  4.13435D-08    |proj g|=  5.10465D-04

At iterate   18    f=  2.22697D-08    |proj g|=  3.29954D-04

At iterate   19    f=  8.39744D-09    |proj g|=  1.70616D-04

At iterate   20    f=  4.50971D-09    |proj g|=  2.14622D-04

At iterate   21    f=  1.92502D-09    |proj g|=  1.87851D-04

At iterate   22    f=  4.23548D-10    |proj g|=  1.47369D-05

At iterate   23    f=  1.06335D-10    |proj g|=  1.28407D-05

At iterate   24    f=  4.60122D-11    |proj g|=  6.88882D-06

At iterate   25    f=  4.39864D-11    |proj g|=  2.75924D-06

At iterate   26    f=  4.31940D-11    |proj g|=  4.71140D-07

At iterate   27    f=  4.31838D-11    |proj g|=  1.58466D-07

At iterate   28    f=  4.31830D-11    |proj g|=  8.50178D-10

           * * *

Tit   = total number of iterations
Tnf   = total number of function evaluations
Tnint = total number of segments explored during Cauchy searches
Skip  = number of BFGS updates skipped
Nact  = number of active bounds at final generalized Cauchy point
Projg = norm of the final projected gradient
F     = final function value

           * * *

   N    Tit     Tnf  Tnint  Skip  Nact     Projg        F
    3     28     32     28     0     0   8.502D-10   4.318D-11
  F =   4.3182979360651168E-011

CONVERGENCE: REL_REDUCTION_OF_F_<=_FACTR*EPSMCH             

real	0m23.252s
user	1m0.957s
sys	0m8.538s
CALIBRATED PARAMS:

Y: 3.309204317427e+02
S: 9.930635116511e+02
D: 1.010422059942e+01
COMPLETED noisy_load_0x noisy_disp_0x vfm_forward_sens_notch2D_Asym_finite_J2_plane_stress

Mean values and errors have been written to mean_vfm_forward_sens_calibrated_params.txt and ../../params_error_vfm_forward_sens_noisy_load_0x.txt.
RUNNING calibration noisy_load_0x noisy_disp_0x calibration_vfm_forward_sens_notch2D_Asym_finite_J2_plane_stress
reading input: temp_calibration_vfm_forward_sens_notch2D_Asym_finite_J2_plane_stress.yaml
model ../../../../meshes/notch_Asym_3D_surface_to_2D/thickness_0.02/notch2D_Asym.dmg loaded in 0.000040 seconds
mesh ../forward/noisy_displacement_data/noisy_0x/noisy_synthetic_plane_stress/ loaded in 0.000962 seconds
number of triangle 4608 quad 0
mesh entity counts: v 2407 e 7014 f 4608 r 0
mesh reordered in 0.001266 seconds
  - verifying tags: measured_8_ver, measured_7_ver, measured_6_ver, measured_5_ver, measured_4_ver, measured_3_ver, measured_2_ver, measured_1_ver, measured_0_ver
mesh verified in 0.001753 seconds
nsteps = 8
ON PRIMAL STEP (1)
 > (1) Newton iteration
 > absolute ||R|| = 3.164545e+01
 > relative ||R|| = 1.000000e+00
 > (2) Newton iteration
 > absolute ||R|| = 1.918258e-02
 > relative ||R|| = 6.061718e-04
 > (3) Newton iteration
 > absolute ||R|| = 1.645351e-02
 > relative ||R|| = 5.199329e-04
 > (4) Newton iteration
 > absolute ||R|| = 1.121519e-04
 > relative ||R|| = 3.544015e-06
 > (5) Newton iteration
 > absolute ||R|| = 2.318772e-08
 > relative ||R|| = 7.327346e-10
 > (6) Newton iteration
 > absolute ||R|| = 1.792481e-10
 > relative ||R|| = 5.664262e-12
 > (7) Newton iteration
 > absolute ||R|| = 4.492574e-11
 > relative ||R|| = 1.419659e-12
 > (8) Newton iteration
 > absolute ||R|| = 1.317900e-11
 > relative ||R|| = 4.164578e-13
writeVtuFile into buffers: 0.002098 seconds
writeVtuFile buffers to disk: 0.000214 seconds
vtk files vfm_forward_sens_notch2D_Asym_finite_J2_plane_stress_forward_viz/out_1 written in 0.002487 seconds
ON PRIMAL STEP (2)
 > (1) Newton iteration
 > absolute ||R|| = 1.591116e+01
 > relative ||R|| = 1.000000e+00
 > (2) Newton iteration
 > absolute ||R|| = 7.073084e-02
 > relative ||R|| = 4.445360e-03
 > residual increase -- line search alpha_1 = 5.00e-01
 > residual increase -- line search alpha_2 = 2.50e-01
 > (3) Newton iteration
 > absolute ||R|| = 6.082332e-02
 > relative ||R|| = 3.822682e-03
 > (4) Newton iteration
 > absolute ||R|| = 3.512673e-02
 > relative ||R|| = 2.207678e-03
 > (5) Newton iteration
 > absolute ||R|| = 3.561183e-03
 > relative ||R|| = 2.238166e-04
 > (6) Newton iteration
 > absolute ||R|| = 4.438136e-05
 > relative ||R|| = 2.789323e-06
 > (7) Newton iteration
 > absolute ||R|| = 6.367402e-09
 > relative ||R|| = 4.001846e-10
 > (8) Newton iteration
 > absolute ||R|| = 8.373645e-11
 > relative ||R|| = 5.262749e-12
 > (9) Newton iteration
 > absolute ||R|| = 2.037013e-11
 > relative ||R|| = 1.280241e-12
 > (10) Newton iteration
 > absolute ||R|| = 5.788883e-12
 > relative ||R|| = 3.638253e-13
writeVtuFile into buffers: 0.002069 seconds
writeVtuFile buffers to disk: 0.000198 seconds
vtk files vfm_forward_sens_notch2D_Asym_finite_J2_plane_stress_forward_viz/out_2 written in 0.002428 seconds
ON PRIMAL STEP (3)
 > (1) Newton iteration
 > absolute ||R|| = 1.628260e+01
 > relative ||R|| = 1.000000e+00
 > (2) Newton iteration
 > absolute ||R|| = 7.525676e-02
 > relative ||R|| = 4.621912e-03
 > residual increase -- line search alpha_1 = 5.00e-01
 > residual increase -- line search alpha_2 = 2.50e-01
 > residual increase -- line search alpha_3 = 1.25e-01
 > (3) Newton iteration
 > absolute ||R|| = 6.862131e-02
 > relative ||R|| = 4.214394e-03
 > residual increase -- line search alpha_1 = 5.00e-01
 > residual increase -- line search alpha_2 = 2.50e-01
 > (4) Newton iteration
 > absolute ||R|| = 5.991557e-02
 > relative ||R|| = 3.679729e-03
 > residual increase -- line search alpha_1 = 5.00e-01
 > (5) Newton iteration
 > absolute ||R|| = 4.258280e-02
 > relative ||R|| = 2.615233e-03
 > (6) Newton iteration
 > absolute ||R|| = 1.855033e-02
 > relative ||R|| = 1.139273e-03
 > (7) Newton iteration
 > absolute ||R|| = 6.705065e-04
 > relative ||R|| = 4.117931e-05
 > (8) Newton iteration
 > absolute ||R|| = 2.155070e-07
 > relative ||R|| = 1.323541e-08
 > (9) Newton iteration
 > absolute ||R|| = 3.355701e-10
 > relative ||R|| = 2.060911e-11
 > (10) Newton iteration
 > absolute ||R|| = 7.616872e-11
 > relative ||R|| = 4.677920e-12
 > (11) Newton iteration
 > absolute ||R|| = 1.934416e-11
 > relative ||R|| = 1.188026e-12
 > (12) Newton iteration
 > absolute ||R|| = 5.472578e-12
 > relative ||R|| = 3.360996e-13
writeVtuFile into buffers: 0.002274 seconds
writeVtuFile buffers to disk: 0.000209 seconds
vtk files vfm_forward_sens_notch2D_Asym_finite_J2_plane_stress_forward_viz/out_3 written in 0.002700 seconds
ON PRIMAL STEP (4)
 > (1) Newton iteration
 > absolute ||R|| = 9.894853e+01
 > relative ||R|| = 1.000000e+00
 > (2) Newton iteration
 > absolute ||R|| = 3.241981e-01
 > relative ||R|| = 3.276432e-03
 > (3) Newton iteration
 > absolute ||R|| = 2.455578e-01
 > relative ||R|| = 2.481672e-03
 > (4) Newton iteration
 > absolute ||R|| = 3.896432e-02
 > relative ||R|| = 3.937837e-04
 > (5) Newton iteration
 > absolute ||R|| = 7.461582e-03
 > relative ||R|| = 7.540872e-05
 > (6) Newton iteration
 > absolute ||R|| = 1.473338e-04
 > relative ||R|| = 1.488995e-06
 > (7) Newton iteration
 > absolute ||R|| = 1.851462e-08
 > relative ||R|| = 1.871136e-10
 > (8) Newton iteration
 > absolute ||R|| = 1.309377e-10
 > relative ||R|| = 1.323291e-12
 > (9) Newton iteration
 > absolute ||R|| = 3.839543e-11
 > relative ||R|| = 3.880343e-13
writeVtuFile into buffers: 0.001869 seconds
writeVtuFile buffers to disk: 0.000181 seconds
vtk files vfm_forward_sens_notch2D_Asym_finite_J2_plane_stress_forward_viz/out_4 written in 0.002208 seconds
ON PRIMAL STEP (5)
 > (1) Newton iteration
 > absolute ||R|| = 1.382867e+02
 > relative ||R|| = 1.000000e+00
 > (2) Newton iteration
 > absolute ||R|| = 2.312445e-01
 > relative ||R|| = 1.672211e-03
 > (3) Newton iteration
 > absolute ||R|| = 1.015687e-01
 > relative ||R|| = 7.344794e-04
 > (4) Newton iteration
 > absolute ||R|| = 1.312825e-02
 > relative ||R|| = 9.493501e-05
 > (5) Newton iteration
 > absolute ||R|| = 3.709131e-04
 > relative ||R|| = 2.682204e-06
 > (6) Newton iteration
 > absolute ||R|| = 2.472129e-07
 > relative ||R|| = 1.787684e-09
 > (7) Newton iteration
 > absolute ||R|| = 1.944905e-10
 > relative ||R|| = 1.406429e-12
 > (8) Newton iteration
 > absolute ||R|| = 4.622098e-11
 > relative ||R|| = 3.342402e-13
writeVtuFile into buffers: 0.001869 seconds
writeVtuFile buffers to disk: 0.000186 seconds
vtk files vfm_forward_sens_notch2D_Asym_finite_J2_plane_stress_forward_viz/out_5 written in 0.002212 seconds
ON PRIMAL STEP (6)
 > (1) Newton iteration
 > absolute ||R|| = 4.482263e+02
 > relative ||R|| = 1.000000e+00
 > (2) Newton iteration
 > absolute ||R|| = 4.771188e-01
 > relative ||R|| = 1.064460e-03
 > (3) Newton iteration
 > absolute ||R|| = 2.476117e-01
 > relative ||R|| = 5.524255e-04
 > (4) Newton iteration
 > absolute ||R|| = 8.067589e-02
 > relative ||R|| = 1.799892e-04
 > (5) Newton iteration
 > absolute ||R|| = 2.477056e-03
 > relative ||R|| = 5.526350e-06
 > (6) Newton iteration
 > absolute ||R|| = 1.005142e-05
 > relative ||R|| = 2.242487e-08
 > (7) Newton iteration
 > absolute ||R|| = 2.731198e-10
 > relative ||R|| = 6.093345e-13
writeVtuFile into buffers: 0.002066 seconds
writeVtuFile buffers to disk: 0.000203 seconds
vtk files vfm_forward_sens_notch2D_Asym_finite_J2_plane_stress_forward_viz/out_6 written in 0.002436 seconds
ON PRIMAL STEP (7)
 > (1) Newton iteration
 > absolute ||R|| = 3.075426e+02
 > relative ||R|| = 1.000000e+00
 > (2) Newton iteration
 > absolute ||R|| = 1.624414e-01
 > relative ||R|| = 5.281915e-04
 > (3) Newton iteration
 > absolute ||R|| = 7.535969e-02
 > relative ||R|| = 2.450382e-04
 > (4) Newton iteration
 > absolute ||R|| = 1.242684e-03
 > relative ||R|| = 4.040690e-06
 > (5) Newton iteration
 > absolute ||R|| = 5.702506e-06
 > relative ||R|| = 1.854217e-08
 > (6) Newton iteration
 > absolute ||R|| = 1.340195e-10
 > relative ||R|| = 4.357755e-13
writeVtuFile into buffers: 0.002045 seconds
writeVtuFile buffers to disk: 0.000190 seconds
vtk files vfm_forward_sens_notch2D_Asym_finite_J2_plane_stress_forward_viz/out_7 written in 0.002402 seconds
ON PRIMAL STEP (8)
 > (1) Newton iteration
 > absolute ||R|| = 2.985026e+02
 > relative ||R|| = 1.000000e+00
 > (2) Newton iteration
 > absolute ||R|| = 1.033444e-01
 > relative ||R|| = 3.462095e-04
 > (3) Newton iteration
 > absolute ||R|| = 7.414293e-02
 > relative ||R|| = 2.483828e-04
 > (4) Newton iteration
 > absolute ||R|| = 1.728484e-03
 > relative ||R|| = 5.790516e-06
 > (5) Newton iteration
 > absolute ||R|| = 2.643650e-06
 > relative ||R|| = 8.856371e-09
 > (6) Newton iteration
 > absolute ||R|| = 1.683194e-11
 > relative ||R|| = 5.638792e-14
writeVtuFile into buffers: 0.001977 seconds
writeVtuFile buffers to disk: 0.000189 seconds
vtk files vfm_forward_sens_notch2D_Asym_finite_J2_plane_stress_forward_viz/out_8 written in 0.002335 seconds
J: 9.7693027944671928e-05

COMPLETED calibration noisy_load_0x noisy_disp_0x calibration_vfm_forward_sens_notch2D_Asym_finite_J2_plane_stress

Initial guess::1 => Y: 304.95203731481143, S: 869.753382781279, D: 2.885583732612789
RUNNING noisy_load_0x noisy_disp_0x pdeco_adjoint_notch2D_Asym_finite_J2_plane_stress
RUNNING THE L-BFGS-B CODE

           * * *

Machine precision = 2.220D-16
 N =            3     M =           10
 This problem is unconstrained.

At X0         0 variables are exactly at the bounds

At iterate    0    f=  9.83816D+03    |proj g|=  2.14291D+04

At iterate    1    f=  3.16057D+03    |proj g|=  1.46886D+04
HyperJ2PlaneStress:solve_nonlinear failed in 501 iterations

At iterate    2    f=  5.24937D+02    |proj g|=  1.61237D+03

At iterate    3    f=  4.70521D+02    |proj g|=  1.47525D+03
HyperJ2PlaneStress:solve_nonlinear failed in 501 iterations
HyperJ2PlaneStress:solve_nonlinear failed in 501 iterations

At iterate    4    f=  3.70134D+02    |proj g|=  1.08593D+03

At iterate    5    f=  6.34093D+01    |proj g|=  6.89589D+02

At iterate    6    f=  4.10285D+01    |proj g|=  1.26800D+03

At iterate    7    f=  2.37717D+01    |proj g|=  9.64905D+02

At iterate    8    f=  7.13770D+00    |proj g|=  1.01310D+02

At iterate    9    f=  6.23225D+00    |proj g|=  6.45021D+01

At iterate   10    f=  6.15554D+00    |proj g|=  1.21212D+01

At iterate   11    f=  6.15053D+00    |proj g|=  1.38343D+01

At iterate   12    f=  6.11712D+00    |proj g|=  2.72786D+01

At iterate   13    f=  6.04217D+00    |proj g|=  5.03044D+01

At iterate   14    f=  5.82766D+00    |proj g|=  9.26944D+01

At iterate   15    f=  5.29961D+00    |proj g|=  1.72746D+02

At iterate   16    f=  4.60404D+00    |proj g|=  3.57020D+02

At iterate   17    f=  3.50880D+00    |proj g|=  2.39116D+02

At iterate   18    f=  1.93399D+00    |proj g|=  2.13351D+02

At iterate   19    f=  3.48546D-01    |proj g|=  1.50652D+02

At iterate   20    f=  4.74856D-02    |proj g|=  1.65288D+01

At iterate   21    f=  3.02508D-02    |proj g|=  1.38254D+01

At iterate   22    f=  5.41096D-04    |proj g|=  4.08933D-01

At iterate   23    f=  1.97785D-04    |proj g|=  2.33521D-01

At iterate   24    f=  1.93972D-04    |proj g|=  6.62839D-03

At iterate   25    f=  1.93971D-04    |proj g|=  1.66124D-05

At iterate   26    f=  1.93971D-04    |proj g|=  2.03952D-06

At iterate   27    f=  1.93971D-04    |proj g|=  1.00060D-08

           * * *

Tit   = total number of iterations
Tnf   = total number of function evaluations
Tnint = total number of segments explored during Cauchy searches
Skip  = number of BFGS updates skipped
Nact  = number of active bounds at final generalized Cauchy point
Projg = norm of the final projected gradient
F     = final function value

           * * *

   N    Tit     Tnf  Tnint  Skip  Nact     Projg        F
    3     27     34      1     0     0   1.001D-08   1.940D-04
  F =   1.9397083439036178E-004

CONVERGENCE: NORM_OF_PROJECTED_GRADIENT_<=_PGTOL            

real	4m23.074s
user	16m34.725s
sys	0m15.719s
CALIBRATED PARAMS:

Y: 3.300059994260e+02
S: 1.002213675909e+03
D: 9.967921309299e+00
COMPLETED noisy_load_0x noisy_disp_0x pdeco_adjoint_notch2D_Asym_finite_J2_plane_stress

Mean values and errors have been written to mean_pdeco_adjoint_calibrated_params.txt and ../../params_error_pdeco_adjoint_noisy_load_0x.txt.
RUNNING calibration noisy_load_0x noisy_disp_0x calibration_pdeco_adjoint_notch2D_Asym_finite_J2_plane_stress
reading input: temp_calibration_pdeco_adjoint_notch2D_Asym_finite_J2_plane_stress.yaml
model ../../../../meshes/notch_Asym_3D_surface_to_2D/thickness_0.02/notch2D_Asym.dmg loaded in 0.000038 seconds
mesh ../forward/noisy_displacement_data/noisy_0x/noisy_synthetic_plane_stress/ loaded in 0.000922 seconds
number of triangle 4608 quad 0
mesh entity counts: v 2407 e 7014 f 4608 r 0
mesh reordered in 0.001271 seconds
  - verifying tags: measured_8_ver, measured_7_ver, measured_6_ver, measured_5_ver, measured_4_ver, measured_3_ver, measured_2_ver, measured_1_ver, measured_0_ver
mesh verified in 0.001705 seconds
nsteps = 8
ON PRIMAL STEP (1)
 > (1) Newton iteration
 > absolute ||R|| = 3.164545e+01
 > relative ||R|| = 1.000000e+00
 > (2) Newton iteration
 > absolute ||R|| = 1.941768e-02
 > relative ||R|| = 6.136008e-04
 > (3) Newton iteration
 > absolute ||R|| = 1.612776e-02
 > relative ||R|| = 5.096392e-04
 > (4) Newton iteration
 > absolute ||R|| = 1.120783e-04
 > relative ||R|| = 3.541686e-06
 > (5) Newton iteration
 > absolute ||R|| = 2.167907e-08
 > relative ||R|| = 6.850610e-10
 > (6) Newton iteration
 > absolute ||R|| = 1.778402e-10
 > relative ||R|| = 5.619770e-12
 > (7) Newton iteration
 > absolute ||R|| = 4.494498e-11
 > relative ||R|| = 1.420267e-12
 > (8) Newton iteration
 > absolute ||R|| = 1.330472e-11
 > relative ||R|| = 4.204307e-13
writeVtuFile into buffers: 0.001867 seconds
writeVtuFile buffers to disk: 0.000195 seconds
vtk files pdeco_adjoint_notch2D_Asym_finite_J2_plane_stress_forward_viz/out_1 written in 0.002227 seconds
ON PRIMAL STEP (2)
 > (1) Newton iteration
 > absolute ||R|| = 1.591116e+01
 > relative ||R|| = 1.000000e+00
 > (2) Newton iteration
 > absolute ||R|| = 7.107667e-02
 > relative ||R|| = 4.467094e-03
 > residual increase -- line search alpha_1 = 5.00e-01
 > residual increase -- line search alpha_2 = 2.50e-01
 > (3) Newton iteration
 > absolute ||R|| = 6.331226e-02
 > relative ||R|| = 3.979109e-03
 > (4) Newton iteration
 > absolute ||R|| = 3.211290e-02
 > relative ||R|| = 2.018262e-03
 > (5) Newton iteration
 > absolute ||R|| = 3.728291e-03
 > relative ||R|| = 2.343192e-04
 > (6) Newton iteration
 > absolute ||R|| = 4.664960e-05
 > relative ||R|| = 2.931878e-06
 > (7) Newton iteration
 > absolute ||R|| = 7.014520e-09
 > relative ||R|| = 4.408553e-10
 > (8) Newton iteration
 > absolute ||R|| = 8.903162e-11
 > relative ||R|| = 5.595544e-12
 > (9) Newton iteration
 > absolute ||R|| = 2.201596e-11
 > relative ||R|| = 1.383680e-12
 > (10) Newton iteration
 > absolute ||R|| = 6.204800e-12
 > relative ||R|| = 3.899652e-13
writeVtuFile into buffers: 0.001862 seconds
writeVtuFile buffers to disk: 0.000185 seconds
vtk files pdeco_adjoint_notch2D_Asym_finite_J2_plane_stress_forward_viz/out_2 written in 0.002202 seconds
ON PRIMAL STEP (3)
 > (1) Newton iteration
 > absolute ||R|| = 1.628262e+01
 > relative ||R|| = 1.000000e+00
 > (2) Newton iteration
 > absolute ||R|| = 7.538631e-02
 > relative ||R|| = 4.629864e-03
 > residual increase -- line search alpha_1 = 5.00e-01
 > residual increase -- line search alpha_2 = 2.50e-01
 > residual increase -- line search alpha_3 = 1.25e-01
 > (3) Newton iteration
 > absolute ||R|| = 6.923270e-02
 > relative ||R|| = 4.251939e-03
 > residual increase -- line search alpha_1 = 5.00e-01
 > residual increase -- line search alpha_2 = 2.50e-01
 > (4) Newton iteration
 > absolute ||R|| = 6.043003e-02
 > relative ||R|| = 3.711321e-03
 > residual increase -- line search alpha_1 = 5.00e-01
 > (5) Newton iteration
 > absolute ||R|| = 4.494902e-02
 > relative ||R|| = 2.760552e-03
 > (6) Newton iteration
 > absolute ||R|| = 1.788183e-02
 > relative ||R|| = 1.098216e-03
 > (7) Newton iteration
 > absolute ||R|| = 7.627523e-04
 > relative ||R|| = 4.684457e-05
 > (8) Newton iteration
 > absolute ||R|| = 4.831504e-07
 > relative ||R|| = 2.967277e-08
 > (9) Newton iteration
 > absolute ||R|| = 2.767765e-10
 > relative ||R|| = 1.699828e-11
 > (10) Newton iteration
 > absolute ||R|| = 6.384990e-11
 > relative ||R|| = 3.921353e-12
 > (11) Newton iteration
 > absolute ||R|| = 1.653231e-11
 > relative ||R|| = 1.015335e-12
 > (12) Newton iteration
 > absolute ||R|| = 4.747206e-12
 > relative ||R|| = 2.915505e-13
writeVtuFile into buffers: 0.001868 seconds
writeVtuFile buffers to disk: 0.000187 seconds
vtk files pdeco_adjoint_notch2D_Asym_finite_J2_plane_stress_forward_viz/out_3 written in 0.002211 seconds
ON PRIMAL STEP (4)
 > (1) Newton iteration
 > absolute ||R|| = 9.894894e+01
 > relative ||R|| = 1.000000e+00
 > (2) Newton iteration
 > absolute ||R|| = 3.221586e-01
 > relative ||R|| = 3.255806e-03
 > (3) Newton iteration
 > absolute ||R|| = 2.443392e-01
 > relative ||R|| = 2.469346e-03
 > (4) Newton iteration
 > absolute ||R|| = 3.780964e-02
 > relative ||R|| = 3.821127e-04
 > (5) Newton iteration
 > absolute ||R|| = 7.328324e-03
 > relative ||R|| = 7.406167e-05
 > (6) Newton iteration
 > absolute ||R|| = 7.219037e-05
 > relative ||R|| = 7.295720e-07
 > (7) Newton iteration
 > absolute ||R|| = 1.891863e-08
 > relative ||R|| = 1.911959e-10
 > (8) Newton iteration
 > absolute ||R|| = 1.441036e-10
 > relative ||R|| = 1.456343e-12
 > (9) Newton iteration
 > absolute ||R|| = 4.234633e-11
 > relative ||R|| = 4.279615e-13
writeVtuFile into buffers: 0.001867 seconds
writeVtuFile buffers to disk: 0.000185 seconds
vtk files pdeco_adjoint_notch2D_Asym_finite_J2_plane_stress_forward_viz/out_4 written in 0.002208 seconds
ON PRIMAL STEP (5)
 > (1) Newton iteration
 > absolute ||R|| = 1.382817e+02
 > relative ||R|| = 1.000000e+00
 > (2) Newton iteration
 > absolute ||R|| = 2.312091e-01
 > relative ||R|| = 1.672015e-03
 > (3) Newton iteration
 > absolute ||R|| = 1.013230e-01
 > relative ||R|| = 7.327284e-04
 > (4) Newton iteration
 > absolute ||R|| = 1.322363e-02
 > relative ||R|| = 9.562817e-05
 > (5) Newton iteration
 > absolute ||R|| = 3.315535e-04
 > relative ||R|| = 2.397667e-06
 > (6) Newton iteration
 > absolute ||R|| = 2.222826e-07
 > relative ||R|| = 1.607462e-09
 > (7) Newton iteration
 > absolute ||R|| = 1.970998e-10
 > relative ||R|| = 1.425350e-12
 > (8) Newton iteration
 > absolute ||R|| = 4.530184e-11
 > relative ||R|| = 3.276054e-13
writeVtuFile into buffers: 0.001863 seconds
writeVtuFile buffers to disk: 0.000195 seconds
vtk files pdeco_adjoint_notch2D_Asym_finite_J2_plane_stress_forward_viz/out_5 written in 0.002214 seconds
ON PRIMAL STEP (6)
 > (1) Newton iteration
 > absolute ||R|| = 4.482134e+02
 > relative ||R|| = 1.000000e+00
 > (2) Newton iteration
 > absolute ||R|| = 4.765851e-01
 > relative ||R|| = 1.063300e-03
 > (3) Newton iteration
 > absolute ||R|| = 2.477503e-01
 > relative ||R|| = 5.527509e-04
 > (4) Newton iteration
 > absolute ||R|| = 1.023266e-01
 > relative ||R|| = 2.282988e-04
 > (5) Newton iteration
 > absolute ||R|| = 2.771517e-03
 > relative ||R|| = 6.183476e-06
 > (6) Newton iteration
 > absolute ||R|| = 1.217403e-05
 > relative ||R|| = 2.716123e-08
 > (7) Newton iteration
 > absolute ||R|| = 3.670905e-10
 > relative ||R|| = 8.190083e-13
writeVtuFile into buffers: 0.001882 seconds
writeVtuFile buffers to disk: 0.000200 seconds
vtk files pdeco_adjoint_notch2D_Asym_finite_J2_plane_stress_forward_viz/out_6 written in 0.002245 seconds
ON PRIMAL STEP (7)
 > (1) Newton iteration
 > absolute ||R|| = 3.074400e+02
 > relative ||R|| = 1.000000e+00
 > (2) Newton iteration
 > absolute ||R|| = 1.636445e-01
 > relative ||R|| = 5.322812e-04
 > (3) Newton iteration
 > absolute ||R|| = 7.266936e-02
 > relative ||R|| = 2.363692e-04
 > (4) Newton iteration
 > absolute ||R|| = 1.535783e-03
 > relative ||R|| = 4.995391e-06
 > (5) Newton iteration
 > absolute ||R|| = 1.192366e-05
 > relative ||R|| = 3.878371e-08
 > (6) Newton iteration
 > absolute ||R|| = 5.898955e-10
 > relative ||R|| = 1.918733e-12
 > (7) Newton iteration
 > absolute ||R|| = 1.719941e-11
 > relative ||R|| = 5.594395e-14
writeVtuFile into buffers: 0.001866 seconds
writeVtuFile buffers to disk: 0.000219 seconds
vtk files pdeco_adjoint_notch2D_Asym_finite_J2_plane_stress_forward_viz/out_7 written in 0.002290 seconds
ON PRIMAL STEP (8)
 > (1) Newton iteration
 > absolute ||R|| = 2.983046e+02
 > relative ||R|| = 1.000000e+00
 > (2) Newton iteration
 > absolute ||R|| = 1.043205e-01
 > relative ||R|| = 3.497114e-04
 > (3) Newton iteration
 > absolute ||R|| = 6.398725e-02
 > relative ||R|| = 2.145031e-04
 > (4) Newton iteration
 > absolute ||R|| = 3.096423e-03
 > relative ||R|| = 1.038007e-05
 > (5) Newton iteration
 > absolute ||R|| = 2.697605e-06
 > relative ||R|| = 9.043124e-09
 > (6) Newton iteration
 > absolute ||R|| = 2.169736e-11
 > relative ||R|| = 7.273558e-14
writeVtuFile into buffers: 0.002070 seconds
writeVtuFile buffers to disk: 0.000218 seconds
vtk files pdeco_adjoint_notch2D_Asym_finite_J2_plane_stress_forward_viz/out_8 written in 0.002456 seconds
J: 3.7518185404655301e-08

COMPLETED calibration noisy_load_0x noisy_disp_0x calibration_pdeco_adjoint_notch2D_Asym_finite_J2_plane_stress

Initial guess::1 => Y: 304.95203731481143, S: 869.753382781279, D: 2.885583732612789
RUNNING noisy_load_0x noisy_disp_0x 3D_pdeco_adjoint_notch3D_Asym_finite_J2
RUNNING THE L-BFGS-B CODE

           * * *

Machine precision = 2.220D-16
 N =            3     M =           10
 This problem is unconstrained.

At X0         0 variables are exactly at the bounds

At iterate    0    f=  9.85398D+03    |proj g|=  2.14347D+04

At iterate    1    f=  3.16541D+03    |proj g|=  1.47016D+04

At iterate    2    f=  5.27204D+02    |proj g|=  1.62501D+03

At iterate    3    f=  4.72213D+02    |proj g|=  1.48420D+03

At iterate    4    f=  3.70716D+02    |proj g|=  1.09402D+03

At iterate    5    f=  6.28872D+01    |proj g|=  7.04173D+02

At iterate    6    f=  4.11582D+01    |proj g|=  1.27351D+03

At iterate    7    f=  2.38886D+01    |proj g|=  9.61602D+02

At iterate    8    f=  7.31201D+00    |proj g|=  1.00357D+02

At iterate    9    f=  6.38178D+00    |proj g|=  6.67995D+01

At iterate   10    f=  6.30136D+00    |proj g|=  1.22721D+01

At iterate   11    f=  6.29688D+00    |proj g|=  1.36674D+01

At iterate   12    f=  6.26040D+00    |proj g|=  2.69743D+01

At iterate   13    f=  6.18061D+00    |proj g|=  4.99387D+01

At iterate   14    f=  5.95433D+00    |proj g|=  9.20597D+01

At iterate   15    f=  5.38935D+00    |proj g|=  1.74266D+02

At iterate   16    f=  4.70728D+00    |proj g|=  3.72771D+02

At iterate   17    f=  3.56667D+00    |proj g|=  2.27751D+02

At iterate   18    f=  1.00445D+00    |proj g|=  2.07957D+02

At iterate   19    f=  2.18584D-01    |proj g|=  8.41689D+01

At iterate   20    f=  1.95087D-02    |proj g|=  1.96944D+01

At iterate   21    f=  6.01844D-03    |proj g|=  7.65940D+00

At iterate   22    f=  3.22551D-03    |proj g|=  7.14986D+00

At iterate   23    f=  7.48847D-04    |proj g|=  4.73849D-01

At iterate   24    f=  6.34999D-04    |proj g|=  3.51867D-01

At iterate   25    f=  6.32239D-04    |proj g|=  1.51336D-02

At iterate   26    f=  6.32231D-04    |proj g|=  7.31023D-04

At iterate   27    f=  6.32231D-04    |proj g|=  8.48738D-05

At iterate   28    f=  6.32231D-04    |proj g|=  6.52231D-07

 Bad direction in the line search;
   refresh the lbfgs memory and restart the iteration.

           * * *

Tit   = total number of iterations
Tnf   = total number of function evaluations
Tnint = total number of segments explored during Cauchy searches
Skip  = number of BFGS updates skipped
Nact  = number of active bounds at final generalized Cauchy point
Projg = norm of the final projected gradient
F     = final function value

           * * *

   N    Tit     Tnf  Tnint  Skip  Nact     Projg        F
    3     29     44      2     0     0   6.522D-07   6.322D-04
  F =   6.3223130355641918E-004

ABNORMAL_TERMINATION_IN_LNSRCH                              

 Line search cannot locate an adequate point after MAXLS
  function and gradient evaluations.
  Previous x, f and g restored.
 Possible causes: 1 error in function or gradient evaluation;
                  2 rounding error dominate computation.

real	148m15.300s
user	591m36.897s
sys	0m35.469s
CALIBRATED PARAMS:

Y: 3.301094183213e+02
S: 9.992901984112e+02
D: 1.000834282233e+01
COMPLETED noisy_load_0x noisy_disp_0x 3D_pdeco_adjoint_notch3D_Asym_finite_J2

Mean values and errors have been written to mean_3D_pdeco_adjoint_calibrated_params.txt and ../../params_error_3D_pdeco_adjoint_noisy_load_0x.txt.
RUNNING calibration noisy_load_0x noisy_disp_0x calibration_3D_pdeco_adjoint_notch3D_Asym_finite_J2
reading input: temp_calibration_3D_pdeco_adjoint_notch3D_Asym_finite_J2.yaml
model ../../../../meshes/notch_Asym_3D_surface_to_2D/thickness_0.02/notch3D_Asym.dmg loaded in 0.000052 seconds
mesh ../forward/noisy_displacement_data/noisy_0x/noisy_synthetic/ loaded in 0.003904 seconds
number of tet 15147 hex 0 prism 0 pyramid 0
mesh entity counts: v 5116 e 25278 f 35310 r 15147
mesh reordered in 0.014566 seconds
  - verifying tags: measured_8_ver, measured_7_ver, measured_6_ver, measured_5_ver, measured_4_ver, measured_3_ver, measured_2_ver, measured_1_ver, measured_0_ver
mesh verified in 0.010368 seconds
nsteps = 8
ON PRIMAL STEP (1)
 > (1) Newton iteration
 > absolute ||R|| = 3.752816e+01
 > relative ||R|| = 1.000000e+00
 > (2) Newton iteration
 > absolute ||R|| = 1.906797e-02
 > relative ||R|| = 5.080977e-04
 > (3) Newton iteration
 > absolute ||R|| = 3.894725e-03
 > relative ||R|| = 1.037814e-04
 > (4) Newton iteration
 > absolute ||R|| = 1.719613e-04
 > relative ||R|| = 4.582193e-06
 > (5) Newton iteration
 > absolute ||R|| = 7.329537e-08
 > relative ||R|| = 1.953077e-09
 > (6) Newton iteration
 > absolute ||R|| = 2.825029e-13
 > relative ||R|| = 7.527759e-15
writeVtuFile into buffers: 0.006137 seconds
writeVtuFile buffers to disk: 0.000552 seconds
vtk files 3D_pdeco_adjoint_notch3D_Asym_finite_J2_forward_viz/out_1 written in 0.006936 seconds
ON PRIMAL STEP (2)
 > (1) Newton iteration
 > absolute ||R|| = 1.887387e+01
 > relative ||R|| = 1.000000e+00
 > (2) Newton iteration
 > absolute ||R|| = 1.014164e-01
 > relative ||R|| = 5.373379e-03
 > (3) Newton iteration
 > absolute ||R|| = 1.011837e-01
 > relative ||R|| = 5.361049e-03
 > (4) Newton iteration
 > absolute ||R|| = 5.693706e-03
 > relative ||R|| = 3.016714e-04
 > (5) Newton iteration
 > absolute ||R|| = 3.060522e-04
 > relative ||R|| = 1.621566e-05
 > (6) Newton iteration
 > absolute ||R|| = 6.115291e-06
 > relative ||R|| = 3.240084e-07
 > (7) Newton iteration
 > absolute ||R|| = 2.840698e-10
 > relative ||R|| = 1.505096e-11
 > (8) Newton iteration
 > absolute ||R|| = 2.341859e-13
 > relative ||R|| = 1.240794e-14
writeVtuFile into buffers: 0.006079 seconds
writeVtuFile buffers to disk: 0.000569 seconds
vtk files 3D_pdeco_adjoint_notch3D_Asym_finite_J2_forward_viz/out_2 written in 0.006888 seconds
ON PRIMAL STEP (3)
 > (1) Newton iteration
 > absolute ||R|| = 1.923044e+01
 > relative ||R|| = 1.000000e+00
 > (2) Newton iteration
 > absolute ||R|| = 2.471511e-01
 > relative ||R|| = 1.285208e-02
 > residual increase -- line search alpha_1 = 5.00e-01
 > (3) Newton iteration
 > absolute ||R|| = 1.783531e-01
 > relative ||R|| = 9.274519e-03
 > (4) Newton iteration
 > absolute ||R|| = 5.261392e-02
 > relative ||R|| = 2.735971e-03
 > (5) Newton iteration
 > absolute ||R|| = 1.361054e-03
 > relative ||R|| = 7.077601e-05
 > (6) Newton iteration
 > absolute ||R|| = 5.248730e-05
 > relative ||R|| = 2.729386e-06
 > (7) Newton iteration
 > absolute ||R|| = 7.337189e-09
 > relative ||R|| = 3.815404e-10
 > (8) Newton iteration
 > absolute ||R|| = 2.952118e-13
 > relative ||R|| = 1.535128e-14
writeVtuFile into buffers: 0.006163 seconds
writeVtuFile buffers to disk: 0.000531 seconds
vtk files 3D_pdeco_adjoint_notch3D_Asym_finite_J2_forward_viz/out_3 written in 0.006932 seconds
ON PRIMAL STEP (4)
 > (1) Newton iteration
 > absolute ||R|| = 1.161238e+02
 > relative ||R|| = 1.000000e+00
 > (2) Newton iteration
 > absolute ||R|| = 8.384360e-01
 > relative ||R|| = 7.220189e-03
 > (3) Newton iteration
 > absolute ||R|| = 2.070976e-01
 > relative ||R|| = 1.783420e-03
 > (4) Newton iteration
 > absolute ||R|| = 2.749377e-02
 > relative ||R|| = 2.367625e-04
 > (5) Newton iteration
 > absolute ||R|| = 2.351298e-03
 > relative ||R|| = 2.024819e-05
 > (6) Newton iteration
 > absolute ||R|| = 4.232343e-05
 > relative ||R|| = 3.644681e-07
 > (7) Newton iteration
 > absolute ||R|| = 3.942742e-09
 > relative ||R|| = 3.395291e-11
 > (8) Newton iteration
 > absolute ||R|| = 2.250886e-13
 > relative ||R|| = 1.938350e-15
writeVtuFile into buffers: 0.006253 seconds
writeVtuFile buffers to disk: 0.000671 seconds
vtk files 3D_pdeco_adjoint_notch3D_Asym_finite_J2_forward_viz/out_4 written in 0.007166 seconds
ON PRIMAL STEP (5)
 > (1) Newton iteration
 > absolute ||R|| = 1.705453e+02
 > relative ||R|| = 1.000000e+00
 > (2) Newton iteration
 > absolute ||R|| = 2.668680e-01
 > relative ||R|| = 1.564793e-03
 > (3) Newton iteration
 > absolute ||R|| = 9.692002e-02
 > relative ||R|| = 5.682950e-04
 > (4) Newton iteration
 > absolute ||R|| = 1.243299e-02
 > relative ||R|| = 7.290142e-05
 > (5) Newton iteration
 > absolute ||R|| = 4.626362e-04
 > relative ||R|| = 2.712689e-06
 > (6) Newton iteration
 > absolute ||R|| = 1.122829e-06
 > relative ||R|| = 6.583758e-09
 > (7) Newton iteration
 > absolute ||R|| = 1.057579e-11
 > relative ||R|| = 6.201161e-14
writeVtuFile into buffers: 0.005848 seconds
writeVtuFile buffers to disk: 0.000520 seconds
vtk files 3D_pdeco_adjoint_notch3D_Asym_finite_J2_forward_viz/out_5 written in 0.006605 seconds
ON PRIMAL STEP (6)
 > (1) Newton iteration
 > absolute ||R|| = 5.956638e+02
 > relative ||R|| = 1.000000e+00
 > (2) Newton iteration
 > absolute ||R|| = 8.193686e-01
 > relative ||R|| = 1.375556e-03
 > (3) Newton iteration
 > absolute ||R|| = 2.405130e-01
 > relative ||R|| = 4.037731e-04
 > (4) Newton iteration
 > absolute ||R|| = 1.327134e-01
 > relative ||R|| = 2.227992e-04
 > (5) Newton iteration
 > absolute ||R|| = 8.606033e-03
 > relative ||R|| = 1.444780e-05
 > (6) Newton iteration
 > absolute ||R|| = 1.459859e-03
 > relative ||R|| = 2.450811e-06
 > (7) Newton iteration
 > absolute ||R|| = 8.550470e-06
 > relative ||R|| = 1.435452e-08
 > (8) Newton iteration
 > absolute ||R|| = 4.107187e-10
 > relative ||R|| = 6.895143e-13
writeVtuFile into buffers: 0.006822 seconds
writeVtuFile buffers to disk: 0.000730 seconds
vtk files 3D_pdeco_adjoint_notch3D_Asym_finite_J2_forward_viz/out_6 written in 0.007801 seconds
ON PRIMAL STEP (7)
 > (1) Newton iteration
 > absolute ||R|| = 5.312523e+02
 > relative ||R|| = 1.000000e+00
 > (2) Newton iteration
 > absolute ||R|| = 2.243125e-01
 > relative ||R|| = 4.222334e-04
 > (3) Newton iteration
 > absolute ||R|| = 3.722028e-02
 > relative ||R|| = 7.006140e-05
 > (4) Newton iteration
 > absolute ||R|| = 9.435908e-04
 > relative ||R|| = 1.776163e-06
 > (5) Newton iteration
 > absolute ||R|| = 1.656165e-06
 > relative ||R|| = 3.117473e-09
 > (6) Newton iteration
 > absolute ||R|| = 3.534052e-11
 > relative ||R|| = 6.652304e-14
writeVtuFile into buffers: 0.006166 seconds
writeVtuFile buffers to disk: 0.000544 seconds
vtk files 3D_pdeco_adjoint_notch3D_Asym_finite_J2_forward_viz/out_7 written in 0.007106 seconds
ON PRIMAL STEP (8)
 > (1) Newton iteration
 > absolute ||R|| = 5.362538e+02
 > relative ||R|| = 1.000000e+00
 > (2) Newton iteration
 > absolute ||R|| = 1.324655e-01
 > relative ||R|| = 2.470202e-04
 > (3) Newton iteration
 > absolute ||R|| = 2.121659e-02
 > relative ||R|| = 3.956446e-05
 > (4) Newton iteration
 > absolute ||R|| = 4.249057e-04
 > relative ||R|| = 7.923594e-07
 > (5) Newton iteration
 > absolute ||R|| = 1.468429e-05
 > relative ||R|| = 2.738310e-08
 > (6) Newton iteration
 > absolute ||R|| = 2.146469e-09
 > relative ||R|| = 4.002711e-12
 > (7) Newton iteration
 > absolute ||R|| = 3.778868e-13
 > relative ||R|| = 7.046790e-16
writeVtuFile into buffers: 0.005891 seconds
writeVtuFile buffers to disk: 0.000553 seconds
vtk files 3D_pdeco_adjoint_notch3D_Asym_finite_J2_forward_viz/out_8 written in 0.006755 seconds
J: 1.9069416170306764e-08

COMPLETED calibration noisy_load_0x noisy_disp_0x calibration_3D_pdeco_adjoint_notch3D_Asym_finite_J2

Total elapsed time: 158.95 minutes
