Data saved to mat_data_initial.csv
\begin{tabular}{rrrrr}
\toprule
E & nu & Y & S & D \\
\midrule
173269.38 & 0.30 & 308.44 & 1006.78 & 8.59 \\
139859.08 & 0.24 & 278.10 & 944.37 & 2.26 \\
117711.67 & 0.29 & 260.01 & 838.40 & 11.43 \\
230638.34 & 0.27 & 326.83 & 1046.61 & 9.15 \\
191867.41 & 0.26 & 350.13 & 1100.44 & 9.22 \\
297535.12 & 0.33 & 311.92 & 1053.76 & 11.88 \\
270313.61 & 0.28 & 377.25 & 946.85 & 8.21 \\
267392.26 & 0.24 & 328.67 & 830.49 & 6.92 \\
110287.75 & 0.27 & 369.62 & 865.03 & 4.24 \\
211069.03 & 0.34 & 334.77 & 992.94 & 8.85 \\
\bottomrule
\end{tabular}

RUNNING forward_notch2D_Asym_finite_J2_plane_stress
reading input: forward_notch2D_Asym_finite_J2_plane_stress.yaml
model ../../../meshes/notch2D_Asym/notch2D_Asym.dmg loaded in 0.000044 seconds
mesh ../../../meshes/notch2D_Asym/notch2D_Asym_4p.smb loaded in 0.000918 seconds
number of triangle 4566 quad 0
mesh entity counts: v 2386 e 6951 f 4566 r 0
mesh reordered in 0.000758 seconds
mesh verified in 0.001349 seconds
nsteps = 8
ON PRIMAL STEP (1)
 > (1) Newton iteration
 > absolute ||R|| = 1.676488e+03
 > relative ||R|| = 1.000000e+00
 > (2) Newton iteration
 > absolute ||R|| = 1.775927e+00
 > relative ||R|| = 1.059314e-03
 > residual increase -- line search alpha_1 = 5.00e-01
 > (3) Newton iteration
 > absolute ||R|| = 1.127397e+00
 > relative ||R|| = 6.724755e-04
 > (4) Newton iteration
 > absolute ||R|| = 3.231480e-01
 > relative ||R|| = 1.927529e-04
 > (5) Newton iteration
 > absolute ||R|| = 7.494945e-04
 > relative ||R|| = 4.470622e-07
 > (6) Newton iteration
 > absolute ||R|| = 1.784210e-08
 > relative ||R|| = 1.064254e-11
 > (7) Newton iteration
 > absolute ||R|| = 2.421554e-09
 > relative ||R|| = 1.444421e-12
 > (8) Newton iteration
 > absolute ||R|| = 5.936444e-10
 > relative ||R|| = 3.540999e-13
ON PRIMAL STEP (2)
 > (1) Newton iteration
 > absolute ||R|| = 8.371551e+02
 > relative ||R|| = 1.000000e+00
 > (2) Newton iteration
 > absolute ||R|| = 4.358099e+00
 > relative ||R|| = 5.205844e-03
 > residual increase -- line search alpha_1 = 5.00e-01
 > residual increase -- line search alpha_2 = 2.50e-01
 > (3) Newton iteration
 > absolute ||R|| = 3.892904e+00
 > relative ||R|| = 4.650159e-03
 > (4) Newton iteration
 > absolute ||R|| = 3.480774e+00
 > relative ||R|| = 4.157861e-03
 > (5) Newton iteration
 > absolute ||R|| = 1.511930e-01
 > relative ||R|| = 1.806033e-04
 > (6) Newton iteration
 > absolute ||R|| = 4.043607e-03
 > relative ||R|| = 4.830177e-06
 > (7) Newton iteration
 > absolute ||R|| = 2.971534e-07
 > relative ||R|| = 3.549562e-10
 > (8) Newton iteration
 > absolute ||R|| = 5.135571e-09
 > relative ||R|| = 6.134551e-12
 > (9) Newton iteration
 > absolute ||R|| = 1.175760e-09
 > relative ||R|| = 1.404471e-12
 > (10) Newton iteration
 > absolute ||R|| = 2.933369e-10
 > relative ||R|| = 3.503973e-13
ON PRIMAL STEP (3)
 > (1) Newton iteration
 > absolute ||R|| = 8.326443e+02
 > relative ||R|| = 1.000000e+00
 > (2) Newton iteration
 > absolute ||R|| = 5.434955e+00
 > relative ||R|| = 6.527344e-03
 > residual increase -- line search alpha_1 = 5.00e-01
 > residual increase -- line search alpha_2 = 2.50e-01
 > residual increase -- line search alpha_3 = 1.25e-01
 > (3) Newton iteration
 > absolute ||R|| = 5.087266e+00
 > relative ||R|| = 6.109771e-03
 > residual increase -- line search alpha_1 = 5.00e-01
 > residual increase -- line search alpha_2 = 2.50e-01
 > (4) Newton iteration
 > absolute ||R|| = 4.255692e+00
 > relative ||R|| = 5.111056e-03
 > residual increase -- line search alpha_1 = 5.00e-01
 > (5) Newton iteration
 > absolute ||R|| = 2.655568e+00
 > relative ||R|| = 3.189319e-03
 > (6) Newton iteration
 > absolute ||R|| = 8.572770e-01
 > relative ||R|| = 1.029584e-03
 > (7) Newton iteration
 > absolute ||R|| = 4.055606e-02
 > relative ||R|| = 4.870754e-05
 > (8) Newton iteration
 > absolute ||R|| = 1.629039e-03
 > relative ||R|| = 1.956465e-06
 > (9) Newton iteration
 > absolute ||R|| = 2.182945e-07
 > relative ||R|| = 2.621701e-10
 > (10) Newton iteration
 > absolute ||R|| = 3.244575e-09
 > relative ||R|| = 3.896713e-12
 > (11) Newton iteration
 > absolute ||R|| = 7.204219e-10
 > relative ||R|| = 8.652217e-13
ON PRIMAL STEP (4)
 > (1) Newton iteration
 > absolute ||R|| = 4.895936e+03
 > relative ||R|| = 1.000000e+00
 > (2) Newton iteration
 > absolute ||R|| = 1.420689e+01
 > relative ||R|| = 2.901773e-03
 > residual increase -- line search alpha_1 = 5.00e-01
 > (3) Newton iteration
 > absolute ||R|| = 1.339347e+01
 > relative ||R|| = 2.735629e-03
 > (4) Newton iteration
 > absolute ||R|| = 6.618819e+00
 > relative ||R|| = 1.351901e-03
 > (5) Newton iteration
 > absolute ||R|| = 2.890889e-01
 > relative ||R|| = 5.904671e-05
 > (6) Newton iteration
 > absolute ||R|| = 5.149768e-03
 > relative ||R|| = 1.051846e-06
 > (7) Newton iteration
 > absolute ||R|| = 5.858307e-07
 > relative ||R|| = 1.196565e-10
 > (8) Newton iteration
 > absolute ||R|| = 4.707101e-09
 > relative ||R|| = 9.614304e-13
ON PRIMAL STEP (5)
 > (1) Newton iteration
 > absolute ||R|| = 7.359603e+03
 > relative ||R|| = 1.000000e+00
 > (2) Newton iteration
 > absolute ||R|| = 1.007737e+01
 > relative ||R|| = 1.369282e-03
 > (3) Newton iteration
 > absolute ||R|| = 7.342178e+00
 > relative ||R|| = 9.976322e-04
 > (4) Newton iteration
 > absolute ||R|| = 7.141582e-01
 > relative ||R|| = 9.703759e-05
 > (5) Newton iteration
 > absolute ||R|| = 2.579560e-02
 > relative ||R|| = 3.505026e-06
 > (6) Newton iteration
 > absolute ||R|| = 5.592554e-05
 > relative ||R|| = 7.598989e-09
 > (7) Newton iteration
 > absolute ||R|| = 7.992257e-09
 > relative ||R|| = 1.085963e-12
 > (8) Newton iteration
 > absolute ||R|| = 1.805655e-09
 > relative ||R|| = 2.453467e-13
ON PRIMAL STEP (6)
 > (1) Newton iteration
 > absolute ||R|| = 2.560218e+04
 > relative ||R|| = 1.000000e+00
 > (2) Newton iteration
 > absolute ||R|| = 1.984489e+01
 > relative ||R|| = 7.751248e-04
 > (3) Newton iteration
 > absolute ||R|| = 1.828868e+01
 > relative ||R|| = 7.143408e-04
 > (4) Newton iteration
 > absolute ||R|| = 1.472021e+01
 > relative ||R|| = 5.749591e-04
 > residual increase -- line search alpha_1 = 5.00e-01
 > (5) Newton iteration
 > absolute ||R|| = 1.424824e+01
 > relative ||R|| = 5.565245e-04
 > residual increase -- line search alpha_1 = 5.00e-01
 > residual increase -- line search alpha_2 = 2.50e-01
 > (6) Newton iteration
 > absolute ||R|| = 8.105829e+00
 > relative ||R|| = 3.166070e-04
 > residual increase -- line search alpha_1 = 5.00e-01
 > (7) Newton iteration
 > absolute ||R|| = 5.259821e+00
 > relative ||R|| = 2.054442e-04
 > (8) Newton iteration
 > absolute ||R|| = 1.969633e+00
 > relative ||R|| = 7.693222e-05
 > (9) Newton iteration
 > absolute ||R|| = 1.631471e-01
 > relative ||R|| = 6.372391e-06
 > (10) Newton iteration
 > absolute ||R|| = 2.394416e-03
 > relative ||R|| = 9.352391e-08
 > (11) Newton iteration
 > absolute ||R|| = 9.179517e-07
 > relative ||R|| = 3.585443e-11
 > (12) Newton iteration
 > absolute ||R|| = 2.887307e-09
 > relative ||R|| = 1.127758e-13
ON PRIMAL STEP (7)
 > (1) Newton iteration
 > absolute ||R|| = 1.532085e+04
 > relative ||R|| = 1.000000e+00
 > (2) Newton iteration
 > absolute ||R|| = 7.417941e+00
 > relative ||R|| = 4.841729e-04
 > (3) Newton iteration
 > absolute ||R|| = 1.741835e+00
 > relative ||R|| = 1.136905e-04
 > (4) Newton iteration
 > absolute ||R|| = 4.876344e-02
 > relative ||R|| = 3.182815e-06
 > (5) Newton iteration
 > absolute ||R|| = 1.143523e-04
 > relative ||R|| = 7.463835e-09
 > (6) Newton iteration
 > absolute ||R|| = 2.115455e-09
 > relative ||R|| = 1.380769e-13
ON PRIMAL STEP (8)
 > (1) Newton iteration
 > absolute ||R|| = 1.518079e+04
 > relative ||R|| = 1.000000e+00
 > (2) Newton iteration
 > absolute ||R|| = 5.071366e+00
 > relative ||R|| = 3.340647e-04
 > (3) Newton iteration
 > absolute ||R|| = 1.372830e+00
 > relative ||R|| = 9.043207e-05
 > (4) Newton iteration
 > absolute ||R|| = 1.269368e-02
 > relative ||R|| = 8.361671e-07
 > (5) Newton iteration
 > absolute ||R|| = 4.083072e-06
 > relative ||R|| = 2.689630e-10
 > (6) Newton iteration
 > absolute ||R|| = 4.067158e-09
 > relative ||R|| = 2.679148e-13
J: 4.1024793766166543e+05

mesh forward_notch2D_Asym_finite_J2_plane_stress_synthetic/ written in 0.000847 seconds

real	0m7.153s
user	0m27.478s
sys	0m0.321s
COMPLETED forward_notch2D_Asym_finite_J2_plane_stress


Quasi-Newton Method with Limited-Memory BFGS
Line Search: Cubic Interpolation satisfying Strong Wolfe Conditions
  iter  value          gnorm          snorm          #fval     #grad     ls_#fval  ls_#grad  
  0     6.747228e+01   2.201837e+00   
  1     6.579170e+00   2.680387e+00   4.910558e-01   9         2         8         0         
  2     9.266165e-01   2.631973e+00   1.074469e-01   10        3         1         0         
  3     8.546728e-01   2.660349e+00   1.008097e-02   11        4         1         0         
  4     6.362005e-01   1.842979e+00   4.282767e-02   12        5         1         0         
  5     3.461660e-01   1.774147e+00   7.685312e-02   13        6         1         0         
  6     7.085334e-02   1.667987e+00   9.277130e-02   14        7         1         0         
  7     2.872293e-03   1.137645e+00   3.661657e-02   15        8         1         0         
  8     1.280582e-03   1.105797e-01   2.119817e-03   16        9         1         0         
  9     1.261450e-03   4.350199e-02   7.526076e-04   17        10        1         0         
  10    1.256337e-03   4.561005e-02   2.487513e-04   18        11        1         0         
  11    1.223209e-03   5.812978e-02   1.151373e-03   19        12        1         0         
  12    1.152313e-03   7.053014e-02   3.055571e-03   20        13        1         0         
  13    1.085315e-03   4.386848e-02   3.595732e-03   21        14        1         0         
  14    1.027894e-03   3.037999e-02   4.226093e-03   22        15        1         0         
  15    9.637467e-04   7.237124e-02   5.802169e-03   23        16        1         0         
  16    8.590065e-04   1.340742e-01   1.003609e-02   24        17        1         0         
  17    6.556335e-04   2.288414e-01   2.083072e-02   25        18        1         0         
  18    3.890321e-04   3.011675e-01   2.771379e-02   26        19        1         0         
  19    1.117252e-04   2.186020e-01   2.464530e-02   27        20        1         0         
  20    5.260707e-06   1.067959e-02   9.152780e-03   28        21        1         0         
  21    1.993449e-06   1.160512e-02   3.478945e-03   29        22        1         0         
  22    1.884754e-06   4.550309e-04   1.988418e-04   30        23        1         0         
  23    1.878751e-06   1.446789e-04   8.438051e-05   31        24        1         0         
  24    1.878120e-06   6.754452e-05   4.929596e-05   32        25        1         0         
  25    1.877783e-06   6.661674e-05   1.202130e-05   33        26        1         0         
  26    1.873994e-06   2.016475e-04   1.122903e-04   34        27        1         0         
  27    1.866946e-06   4.389884e-04   1.994906e-04   35        28        1         0         
  28    1.845660e-06   9.157604e-04   6.153159e-04   36        29        1         0         
  29    1.796918e-06   1.205162e-03   1.493118e-03   37        30        1         0         
  30    1.756178e-06   3.991585e-03   2.013132e-03   39        31        2         0         
  31    1.617315e-06   3.339757e-03   3.436651e-03   40        32        1         0         
  32    1.082172e-06   3.000845e-03   1.520277e-02   41        33        1         0         
  33    5.224635e-07   4.202668e-03   1.865258e-02   42        34        1         0         
  34    1.093378e-07   3.374402e-03   1.587357e-02   43        35        1         0         
  35    6.772557e-09   7.163935e-04   3.242937e-03   44        36        1         0         
  36    2.361120e-10   2.954479e-05   1.431299e-03   45        37        1         0         
  37    7.807462e-11   1.830416e-05   4.294368e-04   46        38        1         0         
  38    7.698080e-11   1.265951e-06   3.297266e-05   47        39        1         0         
  39    7.697784e-11   9.423872e-09   3.028034e-07   48        40        1         0         
  40    7.697784e-11   3.768829e-10   8.013411e-09   49        41        1         0         
  41    7.697784e-11   3.417452e-10   8.454103e-11   51        42        2         0         
  42    7.697784e-11   3.392646e-10   7.486902e-13   55        43        4         0         
Optimization Terminated with Status: Step Tolerance Met
body: E = 2.0000428237062640e+05
body: nu = 2.9995382366531115e-01
body: Y = 3.3000303008453761e+02
body: S = 1.0000081804591468e+03
body: D = 9.9997963069192970e+00

real	0m31.185s
user	2m3.366s
sys	0m0.326s
COMPLETED vfm_run_0


Quasi-Newton Method with Limited-Memory BFGS
Line Search: Cubic Interpolation satisfying Strong Wolfe Conditions
  iter  value          gnorm          snorm          #fval     #grad     ls_#fval  ls_#grad  
  0     1.711046e+03   3.739991e+00   
  1     6.765091e+02   4.472136e+00   3.739991e+00   2         2         1         0         
  2     3.231894e+00   2.970393e+00   1.507462e+00   3         3         1         0         
  3     1.989565e+00   2.217270e+00   6.920928e-02   4         4         1         0         
  4     1.863974e+00   2.178448e+00   1.719084e-02   5         5         1         0         
  5     9.320386e-01   1.701844e+00   1.708512e-01   6         6         1         0         
  6     3.499583e-01   1.236890e+00   1.406659e-01   7         7         1         0         
  7     1.626011e-02   1.221179e+00   8.314079e-02   8         8         1         0         
  8     1.291840e-02   3.864750e-01   4.407237e-03   9         9         1         0         
  9     1.278120e-02   3.387399e-01   3.943930e-04   10        10        1         0         
  10    1.101631e-02   8.964445e-01   7.264460e-03   11        11        1         0         
  11    9.003678e-03   1.367809e+00   1.136087e-02   12        12        1         0         
  12    6.656089e-03   1.158821e+00   1.743659e-02   13        13        1         0         
  13    5.728439e-03   3.052442e-01   8.344080e-03   14        14        1         0         
  14    5.647818e-03   5.780264e-02   1.012346e-03   15        15        1         0         
  15    5.641905e-03   9.229428e-02   4.345094e-04   16        16        1         0         
  16    5.629102e-03   1.386499e-01   6.986466e-04   17        17        1         0         
  17    5.593121e-03   2.202121e-01   1.549783e-03   18        18        1         0         
  18    5.495540e-03   3.604077e-01   4.074436e-03   19        19        1         0         
  19    5.259909e-03   5.750304e-01   1.033798e-02   20        20        1         0         
  20    4.767312e-03   7.100240e-01   2.237075e-02   21        21        1         0         
  21    3.884465e-03   8.559798e-01   4.181488e-02   22        22        1         0         
  22    2.629378e-03   8.795843e-01   4.832020e-02   23        23        1         0         
  23    7.869439e-04   5.919878e-01   5.446048e-02   24        24        1         0         
  24    1.633000e-04   1.167823e-01   3.066377e-02   25        25        1         0         
  25    5.289485e-05   2.130862e-01   3.041030e-02   26        26        1         0         
  26    3.853295e-05   1.166662e-01   2.606394e-03   28        27        2         0         
  27    1.570068e-05   1.311910e-02   3.115222e-03   29        28        1         0         
  28    1.417578e-05   1.138313e-03   2.548486e-03   30        29        1         0         
  29    1.412745e-05   4.286139e-04   1.078920e-04   31        30        1         0         
  30    1.412321e-05   2.071064e-04   7.056632e-05   32        31        1         0         
  31    1.410852e-05   1.399713e-03   2.057984e-04   33        32        1         0         
  32    1.408130e-05   2.847627e-03   3.189203e-04   34        33        1         0         
  33    1.399812e-05   5.595780e-03   9.144175e-04   35        34        1         0         
  34    1.379639e-05   9.663822e-03   2.186721e-03   36        35        1         0         
  35    1.327158e-05   1.605589e-02   5.705963e-03   37        36        1         0         
  36    1.202293e-05   2.485293e-02   1.381922e-02   38        37        1         0         
  37    9.449028e-06   3.431723e-02   2.965533e-02   39        38        1         0         
  38    5.655736e-06   3.857725e-02   4.605571e-02   40        39        1         0         
  39    2.000720e-06   2.924909e-02   4.118501e-02   41        40        1         0         
  40    1.663342e-07   8.422342e-03   1.834754e-02   42        41        1         0         
  41    3.957532e-09   9.537555e-04   9.220276e-04   43        42        1         0         
  42    2.239870e-10   8.745230e-05   1.288095e-03   44        43        1         0         
  43    8.037075e-11   1.975037e-05   4.120679e-04   45        44        1         0         
  44    7.702010e-11   8.478027e-06   6.252299e-05   46        45        1         0         
  45    7.697982e-11   1.486481e-06   1.207964e-06   47        46        1         0         
  46    7.697784e-11   7.626723e-09   2.518657e-07   48        47        1         0         
  47    7.697784e-11   1.932704e-09   1.362421e-08   49        48        1         0         
  48    7.697784e-11   5.221624e-09   1.409288e-08   50        49        1         0         
  49    7.697784e-11   1.742161e-10   1.384129e-08   51        50        1         0         
  50    7.697784e-11   1.742161e-10   0.000000e+00   61        51        10        0         
Optimization Terminated with Status: Step Tolerance Met
body: E = 2.0000428237414017e+05
body: nu = 2.9995382362610074e-01
body: Y = 3.3000303008814274e+02
body: S = 1.0000081804751350e+03
body: D = 9.9997963065802420e+00

real	0m35.237s
user	2m19.466s
sys	0m0.366s
COMPLETED vfm_run_1


Quasi-Newton Method with Limited-Memory BFGS
Line Search: Cubic Interpolation satisfying Strong Wolfe Conditions
  iter  value          gnorm          snorm          #fval     #grad     ls_#fval  ls_#grad  
  0     2.500007e+02   3.329114e+00   
  1     3.480486e+00   2.798734e+00   1.062502e+00   9         2         8         0         
  2     3.002404e+00   2.838491e+00   2.679983e-02   10        3         1         0         
  3     2.144245e+00   2.301693e+00   7.976973e-02   11        4         1         0         
  4     2.117788e+00   2.816083e+00   2.395788e-02   16        5         5         0         
  5     7.585932e-01   1.677217e+00   1.579694e-01   17        6         1         0         
  6     7.561437e-01   2.453411e+00   1.018499e-02   20        7         3         0         
  7     6.221910e-02   1.726074e+00   2.013446e-01   21        8         1         0         
  8     4.456193e-02   5.244261e-01   2.822619e-02   22        9         1         0         
  9     4.108728e-02   5.348265e-01   1.295288e-02   23        10        1         0         
  10    3.794263e-02   7.708880e-01   1.349302e-02   24        11        1         0         
  11    3.254387e-02   7.512613e-01   2.702683e-02   25        12        1         0         
  12    2.720759e-02   2.963009e-01   3.151043e-02   26        13        1         0         
  13    2.554619e-02   5.436158e-01   2.141190e-02   27        14        1         0         
  14    2.418103e-02   6.711828e-01   1.788634e-02   28        15        1         0         
  15    1.882180e-02   1.247485e+00   8.501080e-02   29        16        1         0         
  16    1.371966e-02   1.298897e+00   7.335848e-02   30        17        1         0         
  17    4.959242e-03   9.061681e-01   1.018679e-01   31        18        1         0         
  18    1.696206e-03   3.187883e-02   5.447568e-02   32        19        1         0         
  19    1.136289e-03   4.923881e-01   3.262952e-02   34        20        2         0         
  20    4.741221e-04   3.937051e-01   4.115934e-02   35        21        1         0         
  21    9.215694e-05   5.937238e-02   2.849234e-02   36        22        1         0         
  22    1.903780e-05   1.317857e-01   2.332454e-02   37        23        1         0         
  23    1.026039e-05   4.525955e-02   5.408676e-04   38        24        1         0         
  24    8.399525e-06   2.976063e-03   1.088783e-03   39        25        1         0         
  25    8.356163e-06   1.929201e-03   2.924577e-04   40        26        1         0         
  26    8.348036e-06   1.499299e-04   1.483742e-04   41        27        1         0         
  27    8.347905e-06   1.789697e-04   5.935731e-06   42        28        1         0         
  28    8.347466e-06   5.196870e-04   1.418634e-05   43        29        1         0         
  29    8.346588e-06   9.848114e-04   1.925912e-05   44        30        1         0         
  30    8.344022e-06   1.841952e-03   4.380251e-05   45        31        1         0         
  31    8.337577e-06   3.173037e-03   9.662047e-05   46        32        1         0         
  32    8.320478e-06   5.356864e-03   2.443153e-04   47        33        1         0         
  33    8.276271e-06   8.830509e-03   6.246282e-04   48        34        1         0         
  34    8.162224e-06   1.431761e-02   1.616203e-03   49        35        1         0         
  35    7.876422e-06   2.247467e-02   4.045538e-03   50        36        1         0         
  36    7.167695e-06   3.437392e-02   1.038835e-02   51        37        1         0         
  37    5.743745e-06   4.528172e-02   2.109430e-02   52        38        1         0         
  38    3.299084e-06   4.566817e-02   3.802217e-02   53        39        1         0         
  39    2.894547e-06   4.774336e-02   9.848821e-03   55        40        2         0         
  40    7.017116e-07   2.786249e-02   3.637815e-02   56        41        1         0         
  41    8.821360e-08   9.098195e-03   5.516563e-03   57        42        1         0         
  42    9.152292e-09   1.936391e-03   4.103513e-03   58        43        1         0         
  43    4.146899e-10   1.482459e-04   3.662601e-03   59        44        1         0         
  44    1.787533e-10   6.573729e-05   2.850082e-04   60        45        1         0         
  45    1.353197e-10   5.717180e-05   7.800978e-06   61        46        1         0         
  46    7.777771e-11   2.261808e-05   4.058459e-05   62        47        1         0         
  47    7.749855e-11   4.168159e-06   6.141151e-06   64        48        2         0         
  48    7.700566e-11   1.514785e-06   7.408593e-06   65        49        1         0         
  49    7.697785e-11   5.204233e-08   1.754488e-06   66        50        1         0         
  50    7.697784e-11   1.834047e-09   3.814541e-08   67        51        1         0         
  51    7.697784e-11   1.835260e-09   3.494100e-14   73        52        6         0         
Optimization Terminated with Status: Step Tolerance Met
body: E = 2.0000428235319661e+05
body: nu = 2.9995382383337377e-01
body: Y = 3.3000303007311459e+02
body: S = 1.0000081804493157e+03
body: D = 9.9997963074073031e+00

real	0m38.596s
user	2m33.164s
sys	0m0.292s
COMPLETED vfm_run_2


Quasi-Newton Method with Limited-Memory BFGS
Line Search: Cubic Interpolation satisfying Strong Wolfe Conditions
  iter  value          gnorm          snorm          #fval     #grad     ls_#fval  ls_#grad  
  0     1.455812e+00   1.286134e+00   
  1     4.796480e-01   1.550176e+00   4.210782e-02   6         2         5         0         
  2     4.659198e-01   1.780333e+00   4.163883e-03   7         3         1         0         
  3     4.185916e-01   2.652647e+00   1.932270e-02   8         4         1         0         
  4     3.344924e-01   2.636985e+00   4.324089e-02   9         5         1         0         
  5     2.122279e-01   2.598040e+00   8.039716e-02   10        6         1         0         
  6     9.494288e-02   2.206804e+00   8.285923e-02   11        7         1         0         
  7     5.727268e-02   1.195711e+00   4.093187e-02   12        8         1         0         
  8     4.399994e-02   1.262055e+00   2.042047e-02   13        9         1         0         
  9     2.658113e-02   1.238692e+00   3.261281e-02   14        10        1         0         
  10    5.935166e-03   1.214956e+00   5.260174e-02   15        11        1         0         
  11    3.754910e-03   2.795055e-01   7.066433e-03   16        12        1         0         
  12    3.665825e-03   4.224927e-02   1.702407e-03   17        13        1         0         
  13    3.660210e-03   3.460452e-02   7.258485e-04   18        14        1         0         
  14    3.651606e-03   3.709937e-02   3.860949e-04   19        15        1         0         
  15    3.541378e-03   8.848948e-02   4.857193e-03   20        16        1         0         
  16    3.321490e-03   1.540554e-01   1.076310e-02   21        17        1         0         
  17    2.729525e-03   1.862369e-01   3.149731e-02   22        18        1         0         
  18    1.599417e-03   3.246384e-01   7.440661e-02   23        19        1         0         
  19    7.638832e-04   5.517569e-01   5.821734e-02   24        20        1         0         
  20    2.114244e-04   2.125751e-01   1.661649e-02   25        21        1         0         
  21    1.842604e-04   4.069144e-02   1.064448e-02   26        22        1         0         
  22    1.816966e-04   8.975194e-03   3.736322e-03   27        23        1         0         
  23    1.816413e-04   5.278891e-03   7.252450e-05   28        24        1         0         
  24    1.815846e-04   6.918241e-04   2.578620e-04   29        25        1         0         
  25    1.815742e-04   9.055562e-04   2.332869e-04   30        26        1         0         
  26    1.815639e-04   7.402159e-04   1.141347e-04   31        27        1         0         
  27    1.815044e-04   1.177816e-03   4.129236e-04   32        28        1         0         
  28    1.813864e-04   2.954080e-03   6.133685e-04   33        29        1         0         
  29    1.810668e-04   6.069801e-03   1.178697e-03   34        30        1         0         
  30    1.802232e-04   1.108246e-02   2.805468e-03   35        31        1         0         
  31    1.783397e-04   1.831197e-02   5.278297e-03   36        32        1         0         
  32    1.711404e-04   3.866324e-02   2.206723e-02   37        33        1         0         
  33    1.587067e-04   5.506971e-02   3.753843e-02   38        34        1         0         
  34    1.243908e-04   7.879201e-02   1.055204e-01   39        35        1         0         
  35    6.572328e-05   5.506678e-02   1.851000e-01   40        36        1         0         
  36    1.730993e-05   6.733745e-02   2.775673e-01   41        37        1         0         
  37    2.181000e-06   4.184376e-02   1.027372e-01   42        38        1         0         
  38    1.436114e-07   2.518794e-03   2.649472e-02   43        39        1         0         
  39    5.331580e-08   9.092782e-04   1.282664e-03   44        40        1         0         
  40    1.807856e-08   4.285596e-04   3.136518e-03   45        41        1         0         
  41    5.031574e-09   1.021378e-03   6.202386e-03   46        42        1         0         
  42    2.731455e-09   2.370467e-04   4.113434e-04   48        43        2         0         
  43    9.155059e-11   2.989260e-05   1.826741e-03   49        44        1         0         
  44    7.925136e-11   3.800878e-05   2.331196e-05   50        45        1         0         
  45    7.753044e-11   1.346654e-05   2.888210e-05   51        46        1         0         
  46    7.697792e-11   2.171757e-07   7.988398e-06   52        47        1         0         
  47    7.697784e-11   1.811889e-08   1.467934e-07   53        48        1         0         
  48    7.697784e-11   1.800040e-12   6.181636e-09   54        49        1         0         
  49    7.697784e-11   3.102852e-12   1.740415e-13   57        50        3         0         
Optimization Terminated with Status: Step Tolerance Met
body: E = 2.0000428237467477e+05
body: nu = 2.9995382362233103e-01
body: Y = 3.3000303008820987e+02
body: S = 1.0000081804753485e+03
body: D = 9.9997963065773341e+00

real	0m34.476s
user	2m16.684s
sys	0m0.295s
COMPLETED vfm_run_3


Quasi-Newton Method with Limited-Memory BFGS
Line Search: Cubic Interpolation satisfying Strong Wolfe Conditions
  iter  value          gnorm          snorm          #fval     #grad     ls_#fval  ls_#grad  
  0     1.548669e+01   2.801551e+00   
  1     7.218935e-01   2.669606e+00   1.376917e-01   7         2         6         0         
  2     1.202691e-01   1.343108e+00   3.452404e-02   8         3         1         0         
  3     1.171546e-01   1.102053e+00   1.771537e-03   9         4         1         0         
  4     1.007995e-01   2.263374e+00   1.314537e-02   10        5         1         0         
  5     7.964652e-02   2.235431e+00   2.288366e-02   11        6         1         0         
  6     5.541261e-02   2.003992e+00   3.405846e-02   12        7         1         0         
  7     4.073474e-02   1.262414e+00   2.518850e-02   13        8         1         0         
  8     3.294293e-02   7.795945e-01   2.058947e-02   14        9         1         0         
  9     2.879979e-02   9.501661e-01   1.253583e-02   15        10        1         0         
  10    2.307162e-02   1.111323e+00   2.134945e-02   16        11        1         0         
  11    2.015191e-02   8.406005e-02   1.449691e-02   17        12        1         0         
  12    2.009284e-02   1.024063e-01   1.979058e-03   18        13        1         0         
  13    2.003298e-02   1.188487e-01   1.237496e-03   19        14        1         0         
  14    1.964160e-02   1.941824e-01   7.903518e-03   20        15        1         0         
  15    1.868893e-02   2.908608e-01   2.136119e-02   21        16        1         0         
  16    1.605540e-02   3.063220e-01   6.578597e-02   22        17        1         0         
  17    1.281513e-02   1.310029e+00   1.514171e-01   23        18        1         0         
  18    8.630365e-03   7.898916e-01   8.217351e-03   24        19        1         0         
  19    3.099780e-03   1.015888e+00   1.428218e-01   25        20        1         0         
  20    2.411516e-03   1.422852e-01   2.170049e-02   26        21        1         0         
  21    1.805897e-03   3.816299e-01   2.918585e-02   27        22        1         0         
  22    1.274175e-03   7.006591e-01   5.075865e-02   28        23        1         0         
  23    8.673675e-04   5.890325e-01   9.953297e-03   29        24        1         0         
  24    4.625294e-04   1.478549e-01   3.174425e-02   30        25        1         0         
  25    4.099819e-04   7.146706e-02   1.609134e-02   31        26        1         0         
  26    4.035708e-04   1.990888e-02   4.785407e-03   32        27        1         0         
  27    4.032420e-04   1.014545e-02   2.503012e-03   33        28        1         0         
  28    4.031098e-04   9.872458e-04   9.203544e-04   34        29        1         0         
  29    4.031072e-04   9.865538e-04   1.251234e-05   35        30        1         0         
  30    4.028736e-04   1.618417e-03   5.647656e-04   36        31        1         0         
  31    4.027325e-04   2.598043e-03   5.651076e-04   38        32        2         0         
  32    4.019730e-04   3.311571e-03   1.385375e-03   39        33        1         0         
  33    3.995395e-04   7.628962e-03   4.258009e-03   40        34        1         0         
  34    3.932696e-04   1.543407e-02   1.145916e-02   41        35        1         0         
  35    3.773965e-04   2.957205e-02   3.086723e-02   42        36        1         0         
  36    3.395371e-04   5.403765e-02   7.202549e-02   43        37        1         0         
  37    2.381899e-04   1.612023e-01   2.258328e-01   44        38        1         0         
  38    9.165305e-05   1.855160e-01   3.122810e-01   45        39        1         0         
  39    3.529274e-05   1.597738e-01   2.921673e-01   46        40        1         0         
  40    9.796968e-06   7.074682e-02   2.975302e-02   47        41        1         0         
  41    8.617042e-06   2.643197e-02   1.257111e-01   48        42        1         0         
  42    1.964017e-06   1.881591e-02   5.764947e-02   49        43        1         0         
  43    7.416654e-07   1.166499e-02   7.874370e-03   50        44        1         0         
  44    1.577557e-07   5.445163e-03   1.858050e-02   51        45        1         0         
  45    4.178362e-08   2.563916e-03   4.837851e-03   52        46        1         0         
  46    5.544299e-10   2.969691e-04   1.395780e-03   53        47        1         0         
  47    1.380195e-10   7.382377e-05   7.682823e-04   54        48        1         0         
  48    7.946277e-11   1.812164e-05   3.246979e-04   55        49        1         0         
  49    7.712039e-11   1.335024e-05   3.673510e-05   56        50        1         0         
  50    7.697807e-11   2.661538e-07   4.841611e-07   57        51        1         0         
  51    7.697784e-11   3.641747e-08   1.969673e-07   58        52        1         0         
  52    7.697784e-11   9.403789e-09   8.835928e-09   59        53        1         0         
  53    7.697784e-11   7.359558e-09   8.802536e-10   61        54        2         0         
  54    7.697784e-11   7.246577e-09   6.863637e-11   64        55        3         0         
  55    7.697784e-11   7.098047e-09   9.040700e-11   67        56        3         0         
  56    7.697784e-11   7.098047e-09   0.000000e+00   77        57        10        0         
Optimization Terminated with Status: Step Tolerance Met
body: E = 2.0000428239318432e+05
body: nu = 2.9995382335747350e-01
body: Y = 3.3000303011200833e+02
body: S = 1.0000081805811286e+03
body: D = 9.9997963044479725e+00

real	0m41.416s
user	2m44.447s
sys	0m0.312s
COMPLETED vfm_run_4


Quasi-Newton Method with Limited-Memory BFGS
Line Search: Cubic Interpolation satisfying Strong Wolfe Conditions
  iter  value          gnorm          snorm          #fval     #grad     ls_#fval  ls_#grad  
  0     6.326359e+01   3.623978e+00   
  1     5.263572e+00   3.197216e+00   2.922494e-01   8         2         7         0         
  2     3.217197e+00   2.288407e+00   6.711517e-02   9         3         1         0         
  3     3.201556e+00   2.132391e+00   4.088680e-03   10        4         1         0         
  4     2.986269e+00   2.986621e+00   7.243682e-02   11        5         1         0         
  5     2.508789e+00   2.887346e+00   2.078310e-01   12        6         1         0         
  6     1.814898e+00   2.683738e+00   3.664294e-01   13        7         1         0         
  7     1.242723e+00   2.349195e+00   3.296484e-01   14        8         1         0         
  8     7.055146e-01   2.320160e+00   8.405584e-02   15        9         1         0         
  9     4.485248e-01   1.779899e+00   4.861920e-02   16        10        1         0         
  10    4.245191e-01   1.559130e+00   1.644466e-02   17        11        1         0         
  11    2.249182e-01   1.368348e+00   7.816736e-02   18        12        1         0         
  12    4.982646e-02   2.120461e+00   1.435042e-01   19        13        1         0         
  13    2.874496e-03   5.900303e-01   1.048742e-01   20        14        1         0         
  14    2.583543e-03   3.811838e-02   4.035058e-03   21        15        1         0         
  15    2.574596e-03   5.949798e-02   4.521632e-04   22        16        1         0         
  16    2.559017e-03   1.209251e-01   7.672009e-04   23        17        1         0         
  17    2.511185e-03   2.463607e-01   2.468215e-03   24        18        1         0         
  18    2.401210e-03   4.252971e-01   5.976965e-03   25        19        1         0         
  19    2.153832e-03   5.559290e-01   1.430183e-02   26        20        1         0         
  20    1.732241e-03   6.812846e-01   2.525984e-02   27        21        1         0         
  21    1.115986e-03   6.906614e-01   3.288878e-02   28        22        1         0         
  22    3.082933e-04   4.095991e-01   3.398253e-02   29        23        1         0         
  23    8.496652e-05   8.095636e-02   2.051555e-02   30        24        1         0         
  24    5.894744e-05   3.488737e-02   1.179156e-02   31        25        1         0         
  25    5.692624e-05   8.181835e-03   2.775698e-03   32        26        1         0         
  26    5.685333e-05   1.869551e-03   7.400168e-04   33        27        1         0         
  27    5.684776e-05   4.087157e-04   1.596761e-04   34        28        1         0         
  28    5.684716e-05   4.013459e-04   1.047337e-05   35        29        1         0         
  29    5.683156e-05   4.222980e-04   7.962126e-05   36        30        1         0         
  30    5.674192e-05   1.428494e-03   4.799616e-04   37        31        1         0         
  31    5.667968e-05   1.547666e-03   4.349649e-04   39        32        2         0         
  32    5.644814e-05   2.996272e-03   1.050168e-03   40        33        1         0         
  33    5.532728e-05   1.080401e-02   5.736988e-03   41        34        1         0         
  34    5.251666e-05   2.215633e-02   1.430252e-02   42        35        1         0         
  35    4.558282e-05   3.851475e-02   3.751086e-02   43        36        1         0         
  36    3.116591e-05   5.017625e-02   8.250585e-02   44        37        1         0         
  37    1.028103e-05   1.784699e-02   1.454244e-01   45        38        1         0         
  38    2.265606e-06   1.782167e-02   6.394050e-02   46        39        1         0         
  39    2.741668e-07   5.275249e-03   2.015030e-02   47        40        1         0         
  40    4.307948e-08   4.704188e-03   4.215739e-03   48        41        1         0         
  41    7.889339e-09   2.449538e-03   4.371819e-03   49        42        1         0         
  42    5.587253e-10   4.108747e-04   1.664884e-03   50        43        1         0         
  43    8.575789e-11   1.145312e-05   1.482690e-04   51        44        1         0         
  44    7.700906e-11   3.855635e-06   3.998542e-05   52        45        1         0         
  45    7.697876e-11   6.988725e-07   4.083255e-06   53        46        1         0         
  46    7.697785e-11   5.423946e-08   9.835569e-08   54        47        1         0         
  47    7.697784e-11   1.430163e-09   4.344520e-08   55        48        1         0         
  48    7.697784e-11   1.254501e-10   5.976408e-09   56        49        1         0         
  49    7.697784e-11   1.245926e-10   2.090615e-14   61        50        5         0         
Optimization Terminated with Status: Step Tolerance Met
body: E = 2.0000428237575362e+05
body: nu = 2.9995382360955880e-01
body: Y = 3.3000303008949658e+02
body: S = 1.0000081804826104e+03
body: D = 9.9997963064355684e+00

real	0m35.800s
user	2m21.975s
sys	0m0.304s
COMPLETED vfm_run_5


Quasi-Newton Method with Limited-Memory BFGS
Line Search: Cubic Interpolation satisfying Strong Wolfe Conditions
  iter  value          gnorm          snorm          #fval     #grad     ls_#fval  ls_#grad  
  0     1.275351e+01   2.635761e+00   
  1     1.151845e+01   2.849103e+00   6.149564e-02   7         2         6         0         
  2     1.069994e+01   2.831790e+00   3.750241e-02   8         3         1         0         
  3     1.280383e-01   1.705718e+00   9.831883e-01   9         4         1         0         
  4     1.486984e-02   5.630651e-01   4.129350e-02   10        5         1         0         
  5     1.195210e-02   3.939914e-01   1.411773e-02   11        6         1         0         
  6     7.030315e-03   2.826834e-01   1.491362e-02   12        7         1         0         
  7     1.749361e-03   4.018018e-02   3.946717e-02   13        8         1         0         
  8     1.653889e-03   6.480302e-02   3.395140e-03   14        9         1         0         
  9     1.391141e-03   1.075985e-01   1.411611e-02   15        10        1         0         
  10    1.017686e-03   1.097561e-01   2.558440e-02   16        11        1         0         
  11    4.938448e-04   2.159632e-01   4.812761e-02   17        12        1         0         
  12    1.822561e-04   1.594429e-01   2.644489e-02   18        13        1         0         
  13    9.597526e-05   6.022866e-02   7.870921e-03   19        14        1         0         
  14    9.314732e-05   1.846348e-02   4.547319e-03   20        15        1         0         
  15    9.279498e-05   6.671697e-04   1.236147e-03   21        16        1         0         
  16    9.279424e-05   4.769441e-04   3.275999e-05   22        17        1         0         
  17    9.279310e-05   7.010571e-04   3.082655e-05   23        18        1         0         
  18    9.278949e-05   1.547624e-03   6.150337e-05   24        19        1         0         
  19    9.278070e-05   2.956187e-03   9.537178e-05   25        20        1         0         
  20    9.275703e-05   5.357632e-03   1.744430e-04   26        21        1         0         
  21    9.269563e-05   9.238251e-03   3.404878e-04   27        22        1         0         
  22    9.253422e-05   1.558798e-02   7.640647e-04   28        23        1         0         
  23    9.211638e-05   2.574822e-02   1.827937e-03   29        24        1         0         
  24    9.101821e-05   4.222369e-02   4.674006e-03   30        25        1         0         
  25    8.819995e-05   6.788764e-02   1.194520e-02   31        26        1         0         
  26    8.143927e-05   1.032792e-01   2.853953e-02   32        27        1         0         
  27    6.631672e-05   1.477937e-01   6.814543e-02   33        28        1         0         
  28    4.508048e-05   1.654543e-01   9.957658e-02   34        29        1         0         
  29    2.212301e-05   1.468199e-01   1.059365e-01   35        30        1         0         
  30    2.022993e-05   8.929823e-02   1.855328e-02   37        31        2         0         
  31    4.636742e-06   4.500057e-02   3.647955e-02   38        32        1         0         
  32    2.814757e-07   1.618537e-02   2.196776e-02   39        33        1         0         
  33    3.965097e-08   2.197473e-03   9.843415e-04   40        34        1         0         
  34    3.063760e-08   8.881810e-04   1.659835e-03   41        35        1         0         
  35    2.587169e-08   7.096865e-04   2.852924e-04   42        36        1         0         
  36    1.014099e-08   9.137858e-04   1.377197e-03   43        37        1         0         
  37    2.774392e-09   9.206176e-04   1.221378e-04   44        38        1         0         
  38    2.441661e-10   2.064266e-04   1.161698e-04   45        39        1         0         
  39    8.379833e-11   1.954532e-05   3.639604e-04   46        40        1         0         
  40    7.705663e-11   6.761630e-06   9.587315e-05   47        41        1         0         
  41    7.697831e-11   2.490536e-07   3.974461e-06   48        42        1         0         
  42    7.697784e-11   1.051479e-08   2.965000e-08   49        43        1         0         
  43    7.697784e-11   4.557608e-10   1.043526e-08   50        44        1         0         
  44    7.697784e-11   4.559840e-10   5.839124e-15   56        45        6         0         
Optimization Terminated with Status: Step Tolerance Met
body: E = 2.0000428237182458e+05
body: nu = 2.9995382365615647e-01
body: Y = 3.3000303008558143e+02
body: S = 1.0000081804621977e+03
body: D = 9.9997963068398583e+00

real	0m32.303s
user	2m7.987s
sys	0m0.293s
COMPLETED vfm_run_6


Quasi-Newton Method with Limited-Memory BFGS
Line Search: Cubic Interpolation satisfying Strong Wolfe Conditions
  iter  value          gnorm          snorm          #fval     #grad     ls_#fval  ls_#grad  
  0     2.790269e+02   2.931193e+00   
  1     1.957404e+02   3.397849e+00   1.501448e+00   9         2         8         0         
  2     8.382935e+00   2.824880e+00   6.766388e-01   10        3         1         0         
  3     7.767142e+00   2.781956e+00   3.453077e-02   11        4         1         0         
  4     6.823957e+00   2.458048e+00   7.143069e-02   12        5         1         0         
  5     4.573610e+00   2.265682e+00   2.174233e-01   13        6         1         0         
  6     1.923890e+00   1.736486e+00   3.258356e-01   14        7         1         0         
  7     1.122888e-01   1.690198e+00   2.593133e-01   15        8         1         0         
  8     9.891233e-02   8.361867e-01   1.146017e-02   16        9         1         0         
  9     9.774038e-02   8.823933e-01   1.868117e-03   17        10        1         0         
  10    9.001241e-02   2.062387e+00   1.449213e-02   18        11        1         0         
  11    7.758929e-02   2.418388e+00   2.730451e-02   19        12        1         0         
  12    5.732394e-02   2.352920e+00   5.293673e-02   20        13        1         0         
  13    4.290427e-02   1.910010e+00   4.601196e-02   21        14        1         0         
  14    4.056823e-02   4.223361e-01   2.936283e-03   22        15        1         0         
  15    4.029989e-02   1.725354e-01   4.192922e-03   23        16        1         0         
  16    4.020865e-02   2.181524e-01   9.933146e-04   24        17        1         0         
  17    3.935022e-02   5.510985e-01   9.307982e-03   25        18        1         0         
  18    3.786643e-02   8.846719e-01   1.687153e-02   26        19        1         0         
  19    3.424709e-02   1.311959e+00   4.672261e-02   27        20        1         0         
  20    2.933540e-02   1.488480e+00   6.518677e-02   28        21        1         0         
  21    2.140332e-02   1.488102e+00   8.340437e-02   29        22        1         0         
  22    9.954910e-03   8.817354e-01   9.202757e-02   30        23        1         0         
  23    5.398699e-03   1.113161e+00   9.970982e-02   31        24        1         0         
  24    2.622989e-03   7.555098e-01   5.468778e-02   32        25        1         0         
  25    1.400565e-03   7.001798e-01   8.687328e-02   33        26        1         0         
  26    9.028658e-04   1.091137e-01   1.645110e-02   34        27        1         0         
  27    6.916186e-04   1.142563e-01   2.341748e-02   35        28        1         0         
  28    6.669094e-04   9.311470e-02   3.206714e-02   36        29        1         0         
  29    6.055271e-04   1.461566e-01   1.705191e-02   37        30        1         0         
  30    5.648639e-04   5.129237e-02   1.518558e-02   38        31        1         0         
  31    5.626279e-04   3.175368e-03   2.867261e-03   39        32        1         0         
  32    5.625666e-04   1.272600e-03   2.885898e-04   40        33        1         0         
  33    5.625489e-04   1.713738e-03   4.437109e-05   41        34        1         0         
  34    5.621575e-04   1.443602e-02   9.298948e-04   42        35        1         0         
  35    5.616602e-04   2.419255e-02   9.299175e-04   43        36        1         0         
  36    5.598311e-04   4.682151e-02   3.168232e-03   44        37        1         0         
  37    5.559657e-04   7.800336e-02   6.991203e-03   45        38        1         0         
  38    5.450413e-04   1.284598e-01   1.847280e-02   46        39        1         0         
  39    5.185407e-04   2.022390e-01   4.533294e-02   47        40        1         0         
  40    4.551176e-04   2.966405e-01   1.062525e-01   48        41        1         0         
  41    2.869026e-04   3.407322e-01   2.740441e-01   49        42        1         0         
  42    1.882659e-04   2.512503e-01   1.595515e-01   51        43        2         0         
  43    8.905022e-05   6.472409e-02   1.693131e-01   53        44        2         0         
  44    1.513282e-05   9.152316e-02   7.109499e-02   54        45        1         0         
  45    9.440501e-06   4.654641e-02   1.262324e-02   55        46        1         0         
  46    5.903421e-06   5.829635e-02   4.366484e-02   56        47        1         0         
  47    3.029727e-06   4.271931e-02   3.285754e-02   57        48        1         0         
  48    9.377129e-07   1.681152e-02   2.183285e-02   58        49        1         0         
  49    2.070655e-07   2.883382e-03   4.571062e-03   59        50        1         0         
  50    4.722293e-08   1.604595e-03   9.687143e-04   60        51        1         0         
  51    6.907466e-09   5.603754e-04   3.632615e-04   61        52        1         0         
  52    2.803964e-09   1.448876e-03   1.278926e-03   63        53        2         0         
  53    1.003335e-10   3.282529e-05   2.245896e-04   64        54        1         0         
  54    7.767518e-11   1.958307e-05   2.891524e-05   65        55        1         0         
  55    7.703963e-11   5.505770e-06   2.928717e-05   66        56        1         0         
  56    7.697803e-11   1.915966e-07   7.972413e-06   67        57        1         0         
  57    7.697784e-11   4.421440e-08   2.844759e-07   68        58        1         0         
  58    7.697784e-11   1.641717e-10   3.692990e-08   69        59        1         0         
  59    7.697784e-11   1.390021e-12   1.716294e-10   70        60        1         0         
  60    7.697784e-11   7.570992e-13   7.827297e-15   73        61        3         0         
Optimization Terminated with Status: Converged
body: E = 2.0000428237479855e+05
body: nu = 2.9995382362116974e-01
body: Y = 3.3000303008828797e+02
body: S = 1.0000081804755781e+03
body: D = 9.9997963065716995e+00

real	0m43.129s
user	2m51.315s
sys	0m0.285s
COMPLETED vfm_run_7


Quasi-Newton Method with Limited-Memory BFGS
Line Search: Cubic Interpolation satisfying Strong Wolfe Conditions
  iter  value          gnorm          snorm          #fval     #grad     ls_#fval  ls_#grad  
  0     4.922583e+02   3.226988e+00   
  1     4.201273e+02   3.592271e+00   2.346057e+00   8         2         7         0         
  2     3.217032e+00   2.406354e+00   1.164515e+00   9         3         1         0         
  3     3.098477e+00   2.413578e+00   1.498042e-02   10        4         1         0         
  4     2.785073e+00   2.589758e+00   5.193978e-02   11        5         1         0         
  5     2.248810e+00   2.568044e+00   1.094417e-01   12        6         1         0         
  6     1.464546e+00   2.477157e+00   1.943614e-01   13        7         1         0         
  7     4.993798e-01   2.577252e+00   2.634089e-01   14        8         1         0         
  8     8.939233e-02   1.669314e+00   2.294259e-01   15        9         1         0         
  9     5.013917e-02   1.681414e+00   2.620522e-02   16        10        1         0         
  10    6.235041e-03   1.392197e+00   4.925299e-02   17        11        1         0         
  11    4.665846e-04   5.293461e-01   2.123564e-02   18        12        1         0         
  12    1.862032e-04   3.040983e-02   5.299200e-03   19        13        1         0         
  13    1.839929e-04   6.371689e-03   3.386934e-04   20        14        1         0         
  14    1.838067e-04   6.981196e-03   7.503865e-05   21        15        1         0         
  15    1.831091e-04   8.018106e-03   1.480347e-04   22        16        1         0         
  16    1.774265e-04   1.704028e-02   1.419060e-03   23        17        1         0         
  17    1.670092e-04   2.748510e-02   3.046981e-03   24        18        1         0         
  18    1.443051e-04   3.575411e-02   7.605955e-03   25        19        1         0         
  19    1.159615e-04   2.877912e-02   1.108129e-02   26        20        1         0         
  20    1.000028e-04   1.378594e-02   7.557620e-03   27        21        1         0         
  21    9.725777e-05   6.891645e-03   5.656565e-04   28        22        1         0         
  22    9.700836e-05   1.443708e-03   8.057866e-04   29        23        1         0         
  23    9.699627e-05   5.381689e-04   2.620243e-04   30        24        1         0         
  24    9.699312e-05   7.480766e-04   6.543025e-05   31        25        1         0         
  25    9.698047e-05   1.631537e-03   1.724595e-04   32        26        1         0         
  26    9.695264e-05   2.909759e-03   2.414837e-04   33        27        1         0         
  27    9.687372e-05   5.241885e-03   4.755954e-04   34        28        1         0         
  28    9.667300e-05   8.945800e-03   9.517150e-04   35        29        1         0         
  29    9.614400e-05   1.513734e-02   2.237499e-03   36        30        1         0         
  30    9.478145e-05   2.525030e-02   5.549437e-03   37        31        1         0         
  31    9.132982e-05   4.140392e-02   1.397526e-02   38        32        1         0         
  32    8.309171e-05   6.771001e-02   3.362154e-02   39        33        1         0         
  33    6.584978e-05   8.676007e-02   7.004131e-02   40        34        1         0         
  34    6.001042e-05   1.707329e-01   3.668315e-02   42        35        2         0         
  35    2.834850e-05   1.301123e-01   1.107227e-01   43        36        1         0         
  36    9.791147e-07   8.160627e-03   1.124795e-01   44        37        1         0         
  37    3.846303e-07   3.756139e-03   1.554164e-02   45        38        1         0         
  38    2.916614e-07   2.312104e-03   3.677159e-03   46        39        1         0         
  39    1.165238e-07   3.063814e-03   5.391732e-03   47        40        1         0         
  40    3.587346e-08   2.458721e-03   1.808400e-03   48        41        1         0         
  41    1.054832e-09   6.615850e-04   4.784808e-03   49        42        1         0         
  42    2.507410e-10   2.583620e-04   7.949782e-04   50        43        1         0         
  43    1.098750e-10   2.455203e-05   1.036960e-04   51        44        1         0         
  44    8.008367e-11   2.954541e-05   1.674835e-05   52        45        1         0         
  45    7.709086e-11   3.277853e-06   1.752536e-05   53        46        1         0         
  46    7.697846e-11   5.464241e-07   5.125695e-06   54        47        1         0         
  47    7.697784e-11   1.110237e-08   1.865054e-07   55        48        1         0         
  48    7.697784e-11   3.173954e-10   1.034958e-08   56        49        1         0         
  49    7.697784e-11   2.862444e-10   1.903899e-10   58        50        2         0         
  50    7.697784e-11   2.862444e-10   1.696059e-16   66        51        8         0         
Optimization Terminated with Status: Step Tolerance Met
body: E = 2.0000428236648568e+05
body: nu = 2.9995382372489288e-01
body: Y = 3.3000303007786243e+02
body: S = 1.0000081804414749e+03
body: D = 9.9997963073812901e+00

real	0m36.373s
user	2m24.268s
sys	0m0.299s
COMPLETED vfm_run_8


Quasi-Newton Method with Limited-Memory BFGS
Line Search: Cubic Interpolation satisfying Strong Wolfe Conditions
  iter  value          gnorm          snorm          #fval     #grad     ls_#fval  ls_#grad  
  0     1.098224e+01   1.666730e+00   
  1     7.987452e-01   1.874374e+00   1.412790e-01   8         2         7         0         
  2     7.404228e-01   1.986079e+00   9.050279e-03   9         3         1         0         
  3     6.234978e-01   2.554088e+00   2.502750e-02   10        4         1         0         
  4     3.928842e-01   2.534817e+00   6.369797e-02   11        5         1         0         
  5     1.220984e-01   2.473449e+00   9.912824e-02   12        6         1         0         
  6     4.011898e-03   3.408860e-01   5.372079e-02   13        7         1         0         
  7     3.704240e-03   1.671757e-01   3.487736e-03   14        8         1         0         
  8     3.533140e-03   1.643423e-01   1.316732e-03   15        9         1         0         
  9     2.732260e-03   3.437551e-01   8.100273e-03   16        10        1         0         
  10    2.240193e-03   3.038421e-01   7.374346e-03   17        11        1         0         
  11    1.968394e-03   5.420800e-02   6.011432e-03   18        12        1         0         
  12    1.945683e-03   4.175136e-02   1.407960e-03   19        13        1         0         
  13    1.928217e-03   7.873960e-02   1.154131e-03   20        14        1         0         
  14    1.866349e-03   1.693984e-01   4.241070e-03   21        15        1         0         
  15    1.728767e-03   2.823585e-01   9.827465e-03   22        16        1         0         
  16    1.375916e-03   3.876035e-01   2.627834e-02   23        17        1         0         
  17    7.109805e-04   2.046945e-01   6.032605e-02   24        18        1         0         
  18    3.764327e-04   1.135387e-01   4.451245e-02   25        19        1         0         
  19    2.621507e-04   2.541689e-01   9.531734e-03   26        20        1         0         
  20    2.363410e-04   1.357261e-01   6.673479e-04   27        21        1         0         
  21    2.167957e-04   6.075626e-03   5.299640e-03   28        22        1         0         
  22    2.149687e-04   8.813496e-03   2.723835e-03   29        23        1         0         
  23    2.148403e-04   1.754072e-03   5.522532e-04   30        24        1         0         
  24    2.148352e-04   7.357964e-04   6.110683e-05   31        25        1         0         
  25    2.148331e-04   1.241312e-03   1.929522e-05   32        26        1         0         
  26    2.148261e-04   2.700646e-03   4.285736e-05   33        27        1         0         
  27    2.148095e-04   4.959145e-03   7.155706e-05   34        28        1         0         
  28    2.147643e-04   8.802631e-03   1.557949e-04   35        29        1         0         
  29    2.146476e-04   1.493797e-02   3.612941e-04   36        30        1         0         
  30    2.143409e-04   2.489410e-02   9.139909e-04   37        31        1         0         
  31    2.135419e-04   4.080318e-02   2.359777e-03   38        32        1         0         
  32    2.114607e-04   6.600025e-02   6.143456e-03   39        33        1         0         
  33    2.060403e-04   1.048395e-01   1.605348e-02   40        34        1         0         
  34    1.918625e-04   1.596928e-01   4.206989e-02   41        35        1         0         
  35    1.520142e-04   2.107162e-01   1.164329e-01   42        36        1         0         
  36    1.253669e-04   1.444504e-01   4.624957e-01   43        37        1         0         
  37    6.423551e-05   2.749509e-01   1.865040e-01   44        38        1         0         
  38    3.316332e-05   1.707320e-01   7.688213e-02   45        39        1         0         
  39    2.776806e-05   1.586837e-02   1.702258e-01   46        40        1         0         
  40    1.766127e-05   8.523485e-02   8.981058e-02   47        41        1         0         
  41    1.360655e-05   6.432732e-02   2.499588e-03   48        42        1         0         
  42    2.561003e-06   8.862645e-03   2.274917e-02   49        43        1         0         
  43    1.422328e-06   7.144385e-03   1.575269e-03   50        44        1         0         
  44    7.811079e-08   5.419834e-03   6.367448e-03   51        45        1         0         
  45    1.519872e-08   9.477446e-04   3.927819e-03   53        46        2         0         
  46    7.844839e-09   1.363923e-03   7.046736e-04   54        47        1         0         
  47    4.182471e-09   1.508965e-03   1.104939e-03   55        48        1         0         
  48    7.809492e-10   8.400310e-04   1.378366e-03   56        49        1         0         
  49    1.232448e-10   2.024756e-04   3.907934e-04   57        50        1         0         
  50    7.899262e-11   2.506374e-05   7.028242e-05   58        51        1         0         
  51    7.699048e-11   6.639525e-07   4.217646e-05   59        52        1         0         
  52    7.697789e-11   1.004288e-07   3.691841e-06   60        53        1         0         
  53    7.697784e-11   3.776395e-09   1.338398e-07   61        54        1         0         
  54    7.697784e-11   8.814101e-10   9.356794e-10   62        55        1         0         
  55    7.697784e-11   8.812246e-10   1.211380e-14   67        56        5         0         
Optimization Terminated with Status: Step Tolerance Met
body: E = 2.0000428237363679e+05
body: nu = 2.9995382362793244e-01
body: Y = 3.3000303008937476e+02
body: S = 1.0000081804861521e+03
body: D = 9.9997963063902908e+00

real	0m38.591s
user	2m33.139s
sys	0m0.299s
COMPLETED vfm_run_9


Quasi-Newton Method with Limited-Memory BFGS
Line Search: Cubic Interpolation satisfying Strong Wolfe Conditions
  iter  value          gnorm          snorm          #fval     #grad     ls_#fval  ls_#grad  
  0     7.553955e-01   1.644243e+00   
  1     8.474680e-02   1.017132e+00   4.605424e-01   4         2         3         0         
  2     2.558783e-02   4.140130e-01   8.897285e-02   5         3         1         0         
  3     6.332226e-03   1.858066e-01   7.382353e-02   6         4         1         0         
  4     2.435650e-03   4.661019e-02   4.174326e-02   7         5         1         0         
  5     2.083643e-03   3.241752e-02   1.038698e-02   8         6         1         0         
  6     1.416310e-03   5.622479e-02   3.062873e-02   9         7         1         0         
  7     7.103299e-04   6.482273e-02   4.385683e-02   10        8         1         0         
  8     1.028205e-04   1.339482e-02   5.315632e-02   11        9         1         0         
  9     7.094326e-05   2.959487e-03   1.015713e-02   12        10        1         0         
  10    6.776829e-05   3.200348e-03   1.314285e-03   13        11        1         0         
  11    5.992695e-05   4.054290e-03   5.317987e-03   14        12        1         0         
  12    5.607273e-05   2.281797e-03   3.280340e-03   15        13        1         0         
  13    5.111845e-05   3.009202e-03   6.467783e-03   16        14        1         0         
  14    4.778648e-05   5.182122e-03   5.079499e-03   17        15        1         0         
  15    3.885750e-05   8.915580e-03   1.435484e-02   18        16        1         0         
  16    2.491213e-05   1.103190e-02   2.387488e-02   19        17        1         0         
  17    7.760107e-06   8.057677e-03   3.286476e-02   20        18        1         0         
  18    1.009806e-06   2.862396e-03   1.433380e-02   21        19        1         0         
  19    6.083017e-08   4.112247e-04   2.232911e-03   22        20        1         0         
  20    1.054097e-09   1.426778e-05   2.220093e-03   23        21        1         0         
  21    5.887927e-12   4.898040e-06   3.764606e-04   24        22        1         0         
  22    1.018623e-12   1.614730e-06   1.378701e-05   25        23        1         0         
  23    1.240675e-14   2.721730e-07   2.898617e-06   26        24        1         0         
  24    1.845221e-15   1.372563e-07   1.748826e-07   28        25        2         0         
  25    7.686403e-18   3.967648e-09   1.964618e-07   29        26        1         0         
  26    4.948861e-20   4.478769e-10   1.181434e-08   30        27        1         0         
  27    3.339362e-21   2.119275e-10   6.431775e-10   31        28        1         0         
  28    7.566920e-25   2.863140e-12   8.096623e-11   32        29        1         0         
  29    7.813856e-27   1.096871e-13   2.070148e-12   33        30        1         0         
Optimization Terminated with Status: Converged
body: E = 1.9999999999999872e+05
body: nu = 3.0000000000000837e-01
body: Y = 3.3000000000000102e+02
body: S = 9.9999999999999523e+02
body: D = 1.0000000000000025e+01

real	4m0.559s
user	16m0.329s
sys	0m0.957s
COMPLETED pdeco_run_0


Quasi-Newton Method with Limited-Memory BFGS
Line Search: Cubic Interpolation satisfying Strong Wolfe Conditions
  iter  value          gnorm          snorm          #fval     #grad     ls_#fval  ls_#grad  
  0     4.023041e+01   2.341305e+00   
  1     4.635630e+00   3.493216e+00   2.341305e+00   2         2         1         0         
  2     3.949344e+00   3.366968e+00   1.225067e-01   3         3         1         0         
  3     5.999583e-01   1.890587e+00   1.018598e+00   4         4         1         0         
  4     1.284017e-01   6.996959e-01   6.873123e-01   5         5         1         0         
  5     7.101316e-02   3.370424e-01   1.962534e-01   6         6         1         0         
  6     6.200949e-02   2.446758e-01   3.393935e-02   7         7         1         0         
  7     3.823008e-02   2.502009e-01   1.453441e-01   8         8         1         0         
  8     2.020390e-02   2.681531e-01   1.686543e-01   9         9         1         0         
  9     7.055835e-03   1.119168e-01   2.129017e-01   10        10        1         0         
HyperJ2PlaneStress:solve_nonlinear failed in 501 iterations
  10    3.880323e-03   3.966815e-02   1.081170e-01   11        11        1         0         
  11    3.703706e-03   3.172993e-02   1.865218e-02   12        12        1         0         
  12    3.261102e-03   2.544035e-02   4.630471e-02   13        13        1         0         
  13    2.734214e-03   2.611943e-02   5.327716e-02   14        14        1         0         
  14    2.211538e-03   1.884465e-02   6.066647e-02   15        15        1         0         
  15    2.008488e-03   1.118497e-02   3.229334e-02   16        16        1         0         
  16    1.878994e-03   1.115592e-02   3.033464e-02   17        17        1         0         
  17    1.737285e-03   1.468950e-02   3.623567e-02   18        18        1         0         
  18    1.366630e-03   2.225159e-02   1.052736e-01   19        19        1         0         
  19    7.569316e-04   2.913482e-02   2.054206e-01   20        20        1         0         
  20    1.851376e-04   2.156026e-02   2.203247e-01   21        21        1         0         
  21    9.136313e-06   3.173075e-03   4.930070e-02   22        22        1         0         
  22    4.309733e-08   5.016874e-04   1.579542e-02   23        23        1         0         
  23    2.112950e-10   3.450391e-05   3.958422e-04   24        24        1         0         
  24    3.303759e-12   6.984736e-06   1.385828e-04   25        25        1         0         
  25    1.857622e-13   1.572075e-06   2.411355e-06   26        26        1         0         
  26    4.930347e-16   2.267486e-08   1.329057e-06   27        27        1         0         
  27    8.809082e-18   2.469519e-09   7.073680e-08   28        28        1         0         
  28    2.239649e-20   3.523646e-10   8.504840e-09   29        29        1         0         
  29    1.451069e-22   1.392558e-11   1.042952e-09   31        30        2         0         
  30    2.336007e-26   2.671821e-13   3.584642e-11   32        31        1         0         
Optimization Terminated with Status: Converged
body: E = 1.9999999999995655e+05
body: nu = 3.0000000000003113e-01
body: Y = 3.2999999999999733e+02
body: S = 9.9999999999997863e+02
body: D = 1.0000000000000398e+01

real	3m49.315s
user	15m15.440s
sys	0m0.874s
COMPLETED pdeco_run_1


Quasi-Newton Method with Limited-Memory BFGS
Line Search: Cubic Interpolation satisfying Strong Wolfe Conditions
  iter  value          gnorm          snorm          #fval     #grad     ls_#fval  ls_#grad  
  0     2.492071e+00   3.108692e+00   
  1     2.362749e+00   2.933200e+00   2.025787e+00   3         2         2         0         
  2     1.223114e-01   7.879174e-01   8.665158e-01   4         3         1         0         
  3     7.047580e-02   3.826724e-01   9.987752e-02   5         4         1         0         
  4     3.623130e-02   1.819854e-01   1.338417e-01   6         5         1         0         
  5     1.097269e-02   1.010911e-01   2.063389e-01   7         6         1         0         
  6     2.616757e-03   6.867536e-02   1.692493e-01   8         7         1         0         
  7     1.506541e-03   8.464183e-02   6.978445e-02   9         8         1         0         
  8     9.615957e-04   3.632894e-02   1.542346e-02   10        9         1         0         
  9     3.597526e-04   2.456525e-02   3.980325e-02   11        10        1         0         
  10    9.780795e-05   2.275335e-02   3.213223e-02   12        11        1         0         
  11    3.019990e-05   6.997287e-03   1.750102e-02   13        12        1         0         
  12    2.588447e-05   9.779416e-04   2.144019e-03   14        13        1         0         
  13    2.568569e-05   9.008066e-04   2.657870e-04   15        14        1         0         
  14    2.533036e-05   1.700897e-03   6.752138e-04   16        15        1         0         
  15    2.448430e-05   3.194769e-03   1.832240e-03   17        16        1         0         
  16    2.240040e-05   5.460897e-03   4.904293e-03   18        17        1         0         
  17    1.786981e-05   8.105091e-03   1.150893e-02   19        18        1         0         
  18    1.040060e-05   9.355154e-03   2.098628e-02   20        19        1         0         
  19    3.157679e-06   6.577777e-03   2.209942e-02   21        20        1         0         
  20    3.369522e-07   2.036259e-03   6.829772e-03   22        21        1         0         
  21    6.266283e-09   1.370642e-04   2.039971e-03   23        22        1         0         
  22    5.423657e-11   4.716926e-06   8.083502e-04   24        23        1         0         
  23    2.726150e-13   6.766538e-07   7.491595e-05   25        24        1         0         
  24    1.987903e-13   1.021566e-06   2.769502e-06   26        25        1         0         
  25    2.215694e-14   3.552109e-07   2.206310e-06   27        26        1         0         
  26    6.488257e-17   1.388444e-08   3.889289e-07   28        27        1         0         
  27    3.387590e-19   1.151256e-09   4.950176e-08   29        28        1         0         
  28    4.481928e-22   6.760859e-11   5.201234e-09   30        29        1         0         
  29    8.632444e-25   3.072172e-12   1.287544e-10   31        30        1         0         
  30    8.340147e-27   7.786504e-14   2.257757e-12   32        31        1         0         
Optimization Terminated with Status: Converged
body: E = 1.9999999999999726e+05
body: nu = 2.9999999999999621e-01
body: Y = 3.3000000000000063e+02
body: S = 9.9999999999999534e+02
body: D = 9.9999999999999734e+00

real	3m50.053s
user	15m18.255s
sys	0m1.018s
COMPLETED pdeco_run_2


Quasi-Newton Method with Limited-Memory BFGS
Line Search: Cubic Interpolation satisfying Strong Wolfe Conditions
  iter  value          gnorm          snorm          #fval     #grad     ls_#fval  ls_#grad  
  0     5.215613e-02   6.539288e-01   
  1     2.543886e-02   3.210703e-01   8.425489e-02   3         2         2         0         
  2     1.760083e-02   1.824712e-01   3.443550e-02   4         3         1         0         
  3     1.231615e-02   8.954401e-02   5.536358e-02   5         4         1         0         
  4     1.035159e-02   9.625952e-02   2.971297e-02   6         5         1         0         
  5     3.580855e-03   1.137751e-01   1.720203e-01   7         6         1         0         
  6     2.017985e-03   4.120318e-02   3.524860e-02   8         7         1         0         
  7     1.750979e-03   1.101124e-02   2.141332e-02   9         8         1         0         
  8     1.721824e-03   1.340509e-02   5.053998e-03   10        9         1         0         
  9     1.567891e-03   2.413508e-02   3.073086e-02   11        10        1         0         
  10    1.438010e-03   2.223895e-02   3.097967e-02   12        11        1         0         
  11    1.223150e-03   1.143225e-02   4.635261e-02   13        12        1         0         
  12    8.695675e-04   2.206381e-02   1.168664e-01   14        13        1         0         
  13    6.406166e-04   3.434120e-02   8.678262e-02   15        14        1         0         
  14    2.315761e-04   3.921408e-02   1.876245e-01   16        15        1         0         
  15    3.317624e-05   1.045797e-02   1.121755e-01   17        16        1         0         
  16    1.059580e-06   2.834201e-03   2.922921e-02   18        17        1         0         
  17    7.055101e-09   2.148887e-04   2.729228e-03   19        18        1         0         
  18    1.094261e-10   2.825491e-05   2.152690e-04   20        19        1         0         
  19    1.193898e-13   6.790991e-07   4.541947e-05   21        20        1         0         
  20    1.411755e-15   8.575357e-08   2.165907e-06   22        21        1         0         
  21    5.097498e-20   6.706791e-10   7.490488e-08   23        22        1         0         
  22    3.296507e-21   1.235510e-10   1.494206e-09   24        23        1         0         
  23    3.304923e-25   8.860050e-13   2.610993e-10   25        24        1         0         
Optimization Terminated with Status: Converged
body: E = 2.0000000000001039e+05
body: nu = 3.0000000000006688e-01
body: Y = 3.2999999999995197e+02
body: S = 9.9999999999986994e+02
body: D = 1.0000000000002803e+01

real	3m5.724s
user	12m21.090s
sys	0m0.846s
COMPLETED pdeco_run_3


Quasi-Newton Method with Limited-Memory BFGS
Line Search: Cubic Interpolation satisfying Strong Wolfe Conditions
  iter  value          gnorm          snorm          #fval     #grad     ls_#fval  ls_#grad  
  0     2.617256e-01   1.832443e+00   
  1     8.295686e-02   4.497025e-01   2.043858e-01   3         2         2         0         
  2     7.353923e-02   2.111482e-01   3.418294e-02   4         3         1         0         
  3     6.827191e-02   2.102045e-01   2.958159e-02   5         4         1         0         
  4     5.033281e-02   3.203722e-01   1.450120e-01   6         5         1         0         
  5     3.051745e-02   3.724586e-01   1.941359e-01   7         6         1         0         
  6     6.606937e-03   2.459307e-01   3.669994e-01   8         7         1         0         
  7     2.157678e-03   4.495093e-02   5.988334e-02   9         8         1         0         
  8     2.037911e-03   7.981130e-03   9.782484e-03   10        9         1         0         
  9     2.028334e-03   7.546156e-03   2.446553e-03   11        10        1         0         
  10    2.014127e-03   9.582673e-03   3.210119e-03   12        11        1         0         
  11    1.964517e-03   1.690967e-02   1.250536e-02   13        12        1         0         
  12    1.861102e-03   2.627089e-02   2.984759e-02   14        13        1         0         
  13    1.664772e-03   3.234026e-02   6.331192e-02   15        14        1         0         
  14    1.339180e-03   2.999728e-02   1.044783e-01   16        15        1         0         
  15    7.648242e-04   2.242192e-02   1.959822e-01   17        16        1         0         
  16    2.484293e-04   1.310157e-02   2.035365e-01   18        17        1         0         
  17    4.384182e-05   1.312138e-02   6.354301e-02   19        18        1         0         
  18    4.082314e-06   6.642093e-03   2.736149e-02   20        19        1         0         
  19    5.365097e-07   1.929759e-03   6.040724e-03   21        20        1         0         
  20    3.963276e-08   3.338746e-04   1.931912e-03   22        21        1         0         
  21    1.272841e-09   9.499825e-05   1.381392e-03   23        22        1         0         
  22    5.333761e-12   8.410608e-06   3.069302e-04   24        23        1         0         
  23    1.008568e-14   2.863315e-07   9.375227e-06   25        24        1         0         
  24    2.282414e-17   3.435905e-09   1.416914e-07   26        25        1         0         
  25    4.781355e-19   1.583458e-09   5.475390e-08   27        26        1         0         
  26    6.622374e-20   6.279418e-10   6.240681e-09   28        27        1         0         
  27    8.847425e-24   4.201524e-12   7.456671e-10   29        28        1         0         
  28    1.204757e-25   9.433029e-13   9.591089e-12   30        29        1         0         
Optimization Terminated with Status: Converged
body: E = 2.0000000000002744e+05
body: nu = 2.9999999999991717e-01
body: Y = 3.3000000000001529e+02
body: S = 1.0000000000000662e+03
body: D = 9.9999999999989839e+00

real	3m40.956s
user	14m41.847s
sys	0m0.858s
COMPLETED pdeco_run_4


Quasi-Newton Method with Limited-Memory BFGS
Line Search: Cubic Interpolation satisfying Strong Wolfe Conditions
  iter  value          gnorm          snorm          #fval     #grad     ls_#fval  ls_#grad  
  0     7.990215e-01   2.588814e+00   
  1     1.339762e-01   7.215964e-01   3.533248e-01   3         2         2         0         
  2     8.572114e-02   4.884075e-01   8.629114e-02   4         3         1         0         
  3     5.052853e-02   8.726180e-02   1.493000e-01   5         4         1         0         
  4     4.908678e-02   6.296261e-02   2.051032e-02   6         5         1         0         
  5     4.353129e-02   1.590537e-01   1.230709e-01   7         6         1         0         
  6     3.617147e-02   2.517336e-01   2.248634e-01   8         7         1         0         
  7     2.883328e-02   2.079345e-01   2.619815e-01   9         8         1         0         
  8     1.935890e-02   1.865533e-01   3.399109e-01   10        9         1         0         
  9     8.368585e-03   1.161272e-01   2.257324e-01   11        10        1         0         
  10    1.796048e-03   1.117687e-01   2.601423e-01   12        11        1         0         
  11    2.288256e-04   1.395594e-02   8.458088e-02   13        12        1         0         
  12    1.444596e-04   7.656502e-03   1.591397e-02   14        13        1         0         
  13    1.348386e-04   1.771300e-03   4.780311e-03   15        14        1         0         
  14    1.325745e-04   3.324399e-03   2.077028e-03   16        15        1         0         
  15    1.289361e-04   6.567127e-03   3.593141e-03   17        16        1         0         
  16    1.195416e-04   1.198360e-02   9.994545e-03   18        17        1         0         
  17    9.893893e-05   1.858298e-02   2.340616e-02   19        18        1         0         
  18    6.194239e-05   2.302648e-02   4.606535e-02   20        19        1         0         
  19    2.266031e-05   1.803960e-02   5.337975e-02   21        20        1         0         
  20    3.478985e-06   6.782037e-03   2.412513e-02   22        21        1         0         
  21    1.013755e-07   7.448112e-04   5.598532e-03   23        22        1         0         
  22    6.147527e-10   3.167788e-05   3.069296e-03   24        23        1         0         
  23    2.868699e-11   5.539271e-06   2.237140e-04   25        24        1         0         
  24    2.062920e-12   3.638281e-06   1.904435e-05   26        25        1         0         
  25    2.002132e-13   7.158332e-07   3.973347e-06   28        26        2         0         
  26    1.336780e-16   2.693967e-08   1.469556e-06   29        27        1         0         
  27    8.035131e-17   1.758026e-08   8.977993e-08   30        28        1         0         
  28    1.910429e-20   8.869899e-11   2.133306e-08   31        29        1         0         
  29    9.532258e-23   1.148548e-11   1.600782e-09   32        30        1         0         
  30    5.320478e-25   1.996163e-12   1.115889e-10   33        31        1         0         
  31    9.084969e-27   1.481976e-13   2.519135e-12   34        32        1         0         
Optimization Terminated with Status: Converged
body: E = 1.9999999999998705e+05
body: nu = 2.9999999999999988e-01
body: Y = 3.3000000000000335e+02
body: S = 9.9999999999999545e+02
body: D = 9.9999999999999876e+00

real	4m13.982s
user	16m54.113s
sys	0m0.869s
COMPLETED pdeco_run_5


Quasi-Newton Method with Limited-Memory BFGS
Line Search: Cubic Interpolation satisfying Strong Wolfe Conditions
  iter  value          gnorm          snorm          #fval     #grad     ls_#fval  ls_#grad  
  0     1.749434e+00   2.222229e+00   
  1     1.449690e+00   2.767957e+00   1.094679e+00   4         2         3         0         
  2     1.397910e-01   1.602655e+00   3.790596e-01   5         3         1         0         
  3     1.557152e-02   1.191980e-01   1.641169e-01   6         4         1         0         
  4     1.442402e-02   5.679550e-02   1.592814e-02   7         5         1         0         
  5     1.385175e-02   5.591128e-02   1.355889e-02   8         6         1         0         
  6     1.220129e-02   7.913282e-02   4.408900e-02   9         7         1         0         
  7     8.595912e-03   1.103649e-01   1.254611e-01   10        8         1         0         
  8     5.069526e-03   1.019296e-01   1.563715e-01   11        9         1         0         
  9     3.800701e-03   1.491320e-01   1.837810e-01   12        10        1         0         
  10    1.484650e-03   2.991190e-02   4.913032e-02   13        11        1         0         
  11    1.203719e-03   9.168658e-03   2.670201e-02   14        12        1         0         
  12    1.177577e-03   7.374579e-03   7.254529e-03   15        13        1         0         
  13    1.115492e-03   5.138073e-03   1.586172e-02   16        14        1         0         
  14    9.843424e-04   1.529801e-02   4.503439e-02   17        15        1         0         
  15    7.984083e-04   2.677301e-02   7.460326e-02   18        16        1         0         
  16    4.615868e-04   3.508111e-02   1.533745e-01   19        17        1         0         
  17    1.506789e-04   2.278738e-02   1.562728e-01   20        18        1         0         
  18    1.686376e-05   8.502888e-03   5.529203e-02   21        19        1         0         
  19    5.893278e-07   1.160394e-03   2.190775e-02   22        20        1         0         
  20    2.621014e-08   1.279865e-04   3.390363e-03   23        21        1         0         
  21    4.214949e-11   1.055896e-05   4.814955e-04   24        22        1         0         
  22    2.038258e-12   4.951689e-06   2.229838e-05   25        23        1         0         
  23    1.890200e-15   1.151092e-07   2.563553e-06   26        24        1         0         
  24    3.234947e-17   1.419669e-08   2.732116e-07   27        25        1         0         
  25    6.697942e-20   6.902882e-10   1.986576e-08   28        26        1         0         
  26    1.944207e-22   3.425698e-11   1.522150e-09   29        27        1         0         
  27    2.994497e-26   3.327429e-13   1.367837e-10   30        28        1         0         
Optimization Terminated with Status: Converged
body: E = 2.0000000000002922e+05
body: nu = 2.9999999999995541e-01
body: Y = 3.2999999999999136e+02
body: S = 9.9999999999996351e+02
body: D = 1.0000000000000504e+01

real	3m43.444s
user	14m51.905s
sys	0m0.934s
COMPLETED pdeco_run_6


Quasi-Newton Method with Limited-Memory BFGS
Line Search: Cubic Interpolation satisfying Strong Wolfe Conditions
  iter  value          gnorm          snorm          #fval     #grad     ls_#fval  ls_#grad  
  0     6.023528e+00   2.264071e+00   
  1     2.144536e+00   2.849788e+00   2.264071e+00   2         2         1         0         
  2     5.458638e-01   1.737657e+00   6.583924e-01   3         3         1         0         
  3     3.320631e-01   1.598288e+00   9.410831e-01   4         4         1         0         
  4     4.285625e-02   4.600029e-01   4.602230e-01   5         5         1         0         
  5     2.435164e-02   1.515404e-01   7.641444e-02   6         6         1         0         
  6     2.135851e-02   1.331714e-01   2.707555e-02   7         7         1         0         
  7     1.278773e-02   1.226713e-01   1.124310e-01   8         8         1         0         
  8     7.956674e-03   7.404936e-02   1.032866e-01   9         9         1         0         
  9     6.379232e-03   2.520013e-02   6.069862e-02   10        10        1         0         
  10    6.013674e-03   2.554702e-02   3.418800e-02   11        11        1         0         
  11    5.705632e-03   3.352220e-02   3.228906e-02   12        12        1         0         
  12    5.017405e-03   3.340737e-02   9.028277e-02   13        13        1         0         
  13    4.565340e-03   3.364572e-02   5.455193e-02   14        14        1         0         
  14    4.214716e-03   1.898974e-02   5.194545e-02   15        15        1         0         
  15    4.048196e-03   2.315524e-02   2.843860e-02   16        16        1         0         
  16    3.444247e-03   4.842372e-02   1.201422e-01   17        17        1         0         
  17    2.399977e-03   7.439936e-02   2.378493e-01   18        18        1         0         
  18    9.167524e-04   7.294573e-02   4.246631e-01   19        19        1         0         
  19    2.111494e-04   2.450676e-02   1.806257e-01   20        20        1         0         
  20    8.993827e-06   7.543950e-03   8.488826e-02   21        21        1         0         
  21    1.869282e-07   6.596713e-04   3.868872e-03   22        22        1         0         
  22    1.553684e-09   6.970749e-05   1.925831e-03   23        23        1         0         
  23    8.696470e-12   1.159112e-05   2.642080e-04   24        24        1         0         
  24    5.625886e-14   8.596489e-07   1.727729e-05   25        25        1         0         
  25    3.197953e-18   3.330340e-09   1.459047e-06   26        26        1         0         
  26    5.161669e-22   2.876492e-11   7.221569e-09   27        27        1         0         
  27    6.085306e-26   8.843645e-13   2.069189e-10   28        28        1         0         
Optimization Terminated with Status: Converged
body: E = 2.0000000000003623e+05
body: nu = 2.9999999999993127e-01
body: Y = 3.2999999999999363e+02
body: S = 9.9999999999997749e+02
body: D = 1.0000000000000753e+01

real	3m32.291s
user	14m7.342s
sys	0m0.856s
COMPLETED pdeco_run_7

HyperJ2PlaneStress:solve_nonlinear failed in 501 iterations
HyperJ2PlaneStress:solve_nonlinear failed in 501 iterations
HyperJ2PlaneStress:solve_nonlinear failed in 501 iterations

Quasi-Newton Method with Limited-Memory BFGS
Line Search: Cubic Interpolation satisfying Strong Wolfe Conditions
  iter  value          gnorm          snorm          #fval     #grad     ls_#fval  ls_#grad  
  0     1.879638e+01   2.760542e+00   
  1     4.374653e+00   3.483364e+00   2.760542e+00   2         2         1         0         
  2     2.507791e+00   3.099128e+00   4.153812e-01   3         3         1         0         
  3     5.280368e-01   1.962764e+00   1.666138e+00   4         4         1         0         
  4     1.568593e-01   8.471355e-01   6.623332e-01   5         5         1         0         
  5     8.233353e-02   3.630739e-01   1.489694e-01   6         6         1         0         
  6     6.143216e-02   2.440672e-01   8.038524e-02   7         7         1         0         
  7     3.642471e-02   2.342914e-01   1.414412e-01   8         8         1         0         
  8     8.681648e-03   1.305244e-01   2.415018e-01   9         9         1         0         
  9     7.089049e-03   3.382247e-01   1.938802e-01   10        10        1         0         
  10    6.398511e-04   3.561659e-02   4.973519e-02   11        11        1         0         
  11    4.341283e-04   1.543643e-02   2.459376e-02   12        12        1         0         
  12    3.626157e-04   1.407412e-02   1.668522e-02   13        13        1         0         
  13    1.656346e-04   1.050046e-02   2.845761e-02   14        14        1         0         
  14    9.919532e-05   4.410254e-03   2.004115e-02   15        15        1         0         
  15    9.525296e-05   1.720957e-03   2.923534e-03   16        16        1         0         
  16    9.167167e-05   3.196933e-03   3.919667e-03   17        17        1         0         
  17    8.555363e-05   6.173001e-03   7.230034e-03   18        18        1         0         
  18    6.989713e-05   1.087393e-02   2.027097e-02   19        19        1         0         
  19    4.444807e-05   1.397425e-02   3.612584e-02   20        20        1         0         
  20    1.535605e-05   1.153931e-02   4.642177e-02   21        21        1         0         
  21    2.058216e-06   4.400820e-03   2.018428e-02   22        22        1         0         
  22    3.966745e-08   4.340314e-04   3.813965e-03   23        23        1         0         
  23    1.916168e-10   1.246816e-05   1.865811e-03   24        24        1         0         
  24    5.635058e-13   5.989841e-07   1.554242e-04   25        25        1         0         
  25    5.712574e-16   5.412208e-08   4.069017e-06   26        26        1         0         
  26    1.515824e-16   3.454326e-08   5.595478e-08   28        27        2         0         
  27    7.485500e-20   4.204330e-10   3.076268e-08   29        28        1         0         
  28    1.104315e-22   3.029287e-11   1.215594e-09   30        29        1         0         
  29    3.833974e-25   2.295088e-12   7.010995e-11   31        30        1         0         
  30    1.125459e-26   1.723394e-13   3.708295e-12   32        31        1         0         
Optimization Terminated with Status: Converged
body: E = 2.0000000000000058e+05
body: nu = 2.9999999999999688e-01
body: Y = 3.3000000000000051e+02
body: S = 1.0000000000000018e+03
body: D = 9.9999999999999680e+00

real	3m46.336s
user	15m3.409s
sys	0m0.991s
COMPLETED pdeco_run_8


Quasi-Newton Method with Limited-Memory BFGS
Line Search: Cubic Interpolation satisfying Strong Wolfe Conditions
  iter  value          gnorm          snorm          #fval     #grad     ls_#fval  ls_#grad  
  0     2.198458e-01   1.126937e+00   
  1     2.335204e-02   3.034796e-01   1.784114e-01   4         2         3         0         
  2     1.608238e-02   1.924404e-01   3.085585e-02   5         3         1         0         
  3     1.050450e-02   5.715277e-02   5.288478e-02   6         4         1         0         
  4     9.600972e-03   5.343987e-02   1.908231e-02   7         5         1         0         
  5     5.764463e-03   8.517379e-02   1.230440e-01   8         6         1         0         
  6     3.869536e-03   6.101696e-02   9.044005e-02   9         7         1         0         
  7     2.551880e-03   3.043739e-02   6.967504e-02   10        8         1         0         
  8     1.932181e-03   2.191823e-02   5.235431e-02   11        9         1         0         
  9     1.789842e-03   1.745121e-02   1.941105e-02   12        10        1         0         
  10    1.653923e-03   1.066497e-02   2.230872e-02   13        11        1         0         
  11    1.511946e-03   1.257621e-02   2.744132e-02   14        12        1         0         
  12    1.255187e-03   2.697645e-02   6.133236e-02   15        13        1         0         
  13    8.827866e-04   3.882735e-02   1.000386e-01   16        14        1         0         
  14    3.580283e-04   3.603052e-02   1.558471e-01   17        15        1         0         
  15    1.276877e-04   2.084729e-02   1.124116e-01   18        16        1         0         
  16    5.859323e-06   2.580304e-03   2.426039e-02   19        17        1         0         
  17    1.918979e-07   6.972415e-04   4.929626e-03   20        18        1         0         
  18    8.689105e-09   1.649011e-04   2.830217e-03   21        19        1         0         
  19    1.290176e-10   2.929081e-05   9.391988e-04   22        20        1         0         
  20    1.810022e-12   1.622005e-06   7.205008e-05   23        21        1         0         
  21    6.347712e-15   1.398958e-07   5.057713e-06   24        22        1         0         
  22    5.527069e-17   2.733630e-08   2.194963e-07   25        23        1         0         
  23    1.370207e-17   1.516622e-08   3.672315e-08   26        24        1         0         
  24    7.473384e-22   5.188357e-11   1.120234e-08   27        25        1         0         
  25    1.060110e-24   1.282303e-12   5.580885e-11   28        26        1         0         
  26    1.252884e-26   3.435971e-14   2.262986e-12   29        27        1         0         
Optimization Terminated with Status: Converged
body: E = 2.0000000000000285e+05
body: nu = 2.9999999999998456e-01
body: Y = 3.3000000000000057e+02
body: S = 9.9999999999999352e+02
body: D = 1.0000000000000060e+01

real	3m35.702s
user	14m20.861s
sys	0m1.001s
COMPLETED pdeco_run_9

